# DESIGN: Default Design Language: VHDL
# DESIGN: Default BDE Language: VHDL
# DESIGN: Flow Manager: Not Defined
acom -reorder -work MS_Bist_JK -2002  $DSN/src/MS_JK.vhd
# Compile with File Reorder...
# File: c:\My_Designs\Colocviu_PSN\MS_Bist_JK\src\MS_JK.vhd
# Compile Entity "Bist_JK"
# Compile Architecture "ARH_JK" of Entity "Bist_JK"
# Compile Entity "MS_JK"
# Compile Architecture "ARH_MS_JK" of Entity "MS_JK"
# Top-level unit(s) detected:
# Entity => Bist_JK
# Error: ELAB1_0008: MS_JK.vhd : (12, 7): Cannot read output : "Q".
# Error: COMP96_0015: MS_JK.vhd : (31, 16): ':' expected.
# Compile failure 2 Errors 0 Warnings  Analysis time :  47.0 [ms]
acom -work MS_Bist_JK -2002  $DSN/src/MS_JK.vhd
# Compile...
# File: c:\My_Designs\Colocviu_PSN\MS_Bist_JK\src\MS_JK.vhd
# Compile Entity "Bist_JK"
# Compile Architecture "ARH_JK" of Entity "Bist_JK"
# Compile Entity "MS_JK"
# Compile Architecture "ARH_MS_JK" of Entity "MS_JK"
# Error: COMP96_0015: MS_JK.vhd : (31, 16): ':' expected.
# Compile failure 1 Errors 0 Warnings  Analysis time :  0.3 [s]
acom -work MS_Bist_JK -2002  $DSN/src/MS_JK.vhd
# Compile...
# File: c:\My_Designs\Colocviu_PSN\MS_Bist_JK\src\MS_JK.vhd
# Compile Entity "Bist_JK"
# Compile Architecture "ARH_JK" of Entity "Bist_JK"
# Compile Entity "MS_JK"
# Compile Architecture "ARH_MS_JK" of Entity "MS_JK"
# Error: ELAB1_0022: MS_JK.vhd : (33, 0): Incompatible modes for port "Q".
# Error: COMP96_0071: MS_JK.vhd : (35, 2): Operator "<=" is not defined for such operands.
# Error: COMP96_0104: MS_JK.vhd : (35, 2): Undefined type of expression.
# Error: COMP96_0077: MS_JK.vhd : (35, 2): Assignment target incompatible with right side. Expected type "BIT".
# Compile failure 4 Errors 0 Warnings  Analysis time :  0.2 [s]
acom -work MS_Bist_JK -2002  $DSN/src/MS_JK.vhd
# Compile...
# File: c:\My_Designs\Colocviu_PSN\MS_Bist_JK\src\MS_JK.vhd
# Compile Entity "Bist_JK"
# Compile Architecture "ARH_JK" of Entity "Bist_JK"
# Compile Entity "MS_JK"
# Compile Architecture "ARH_MS_JK" of Entity "MS_JK"
# Error: ELAB1_0022: MS_JK.vhd : (33, 0): Incompatible modes for port "Q".
# Compile failure 1 Errors 0 Warnings  Analysis time :  0.1 [s]
acom -work MS_Bist_JK -2002  $DSN/src/MS_JK.vhd
# Compile...
# File: c:\My_Designs\Colocviu_PSN\MS_Bist_JK\src\MS_JK.vhd
# Compile Entity "Bist_JK"
# Compile Architecture "ARH_JK" of Entity "Bist_JK"
# Compile Entity "MS_JK"
# Compile Architecture "ARH_MS_JK" of Entity "MS_JK"
# Compile success 0 Errors 0 Warnings  Analysis time :  0.2 [s]
# Design: Design MS_Bist_JK already active.
# ELBREAD: Elaboration process.
# ELBREAD: Elaboration time 0.0 [s].
asim -advdataflow  ms_jk arh_ms_jk
# ELBREAD: Elaboration process.
# ELBREAD: Elaboration time 0.0 [s].
# asim: Stack memory: 32MB
# asim: Retval memory: 32MB
# KERNEL: Main thread initiated.
# KERNEL: Kernel process initialization phase.
# KERNEL: Time resolution set to 1ps.
# ELAB2: Elaboration final pass...
# ELAB2: Create instances ...
# ELAB2: Create instances complete.
# ELAB2: Elaboration final pass complete - time: 0.0 [s].
# KERNEL: Kernel process initialization done.
# Allocation: Simulator allocated 1592 kB (elbread=1023 elab2=299 kernel=269 sdf=0)
#  11:47 AM, Sunday, May 15, 2011
#  Simulation has been initialized
#  Selected Top-Level: ms_jk (arh_ms_jk)
run 100 ns
# KERNEL: stopped at time: 100 ns
# KERNEL: Simulation has finished. There are no more test vectors to simulate.
restart
# ELBREAD: Elaboration process.
# ELBREAD: Elaboration time 0.0 [s].
# KERNEL: Main thread initiated.
# KERNEL: Kernel process initialization phase.
# KERNEL: Time resolution set to 1ps.
# ELAB2: Elaboration final pass...
# ELAB2: Create instances ...
# ELAB2: Create instances complete.
# ELAB2: Elaboration final pass complete - time: 0.0 [s].
# KERNEL: Kernel process initialization done.
# Allocation: Simulator allocated 1592 kB (elbread=1023 elab2=299 kernel=269 sdf=0)
#  11:48 AM, Sunday, May 15, 2011
#  Simulation has been initialized
#  Selected Top-Level: ms_jk (arh_ms_jk)
run 20 ns
# KERNEL: stopped at time: 20 ns
run 20 ns
# KERNEL: stopped at time: 40 ns
run 20 ns
# KERNEL: Simulation has finished. There are no more test vectors to simulate.
run 20 ns
# KERNEL: stopped at time: 80 ns
# KERNEL: Simulation has finished. There are no more test vectors to simulate.
run 20 ns
# KERNEL: stopped at time: 100 ns
# KERNEL: Simulation has finished. There are no more test vectors to simulate.
run 20 ns
# KERNEL: stopped at time: 120 ns
# KERNEL: Simulation has finished. There are no more test vectors to simulate.
run 20 ns
# KERNEL: stopped at time: 140 ns
# KERNEL: Simulation has finished. There are no more test vectors to simulate.
run 20 ns
# KERNEL: stopped at time: 160 ns
# KERNEL: Simulation has finished. There are no more test vectors to simulate.
acom -work MS_Bist_JK -2002  $DSN/src/MS_JK.vhd
# Compile...
# File: c:\My_Designs\Colocviu_PSN\MS_Bist_JK\src\MS_JK.vhd
# Compile Entity "Bist_JK"
# Compile Architecture "ARH_JK" of Entity "Bist_JK"
# Compile Entity "MS_JK"
# Compile Architecture "ARH_MS_JK" of Entity "MS_JK"
# Compile success 0 Errors 0 Warnings  Analysis time :  0.2 [s]
endsim
#  Simulation has been stopped
asim -advdataflow  ms_jk arh_ms_jk
# ELBREAD: Elaboration process.
# ELBREAD: Elaboration time 0.0 [s].
# asim: Stack memory: 32MB
# asim: Retval memory: 32MB
# KERNEL: Main thread initiated.
# KERNEL: Kernel process initialization phase.
# KERNEL: Time resolution set to 1ps.
# ELAB2: Elaboration final pass...
# ELAB2: Create instances ...
# ELAB2: Create instances complete.
# ELAB2: Elaboration final pass complete - time: 0.0 [s].
# KERNEL: Kernel process initialization done.
# Allocation: Simulator allocated 1592 kB (elbread=1023 elab2=299 kernel=269 sdf=0)
#  11:50 AM, Sunday, May 15, 2011
#  Simulation has been initialized
#  Selected Top-Level: ms_jk (arh_ms_jk)
run 20 ns
# KERNEL: stopped at time: 20 ns
run 20 ns
# KERNEL: stopped at time: 40 ns
run 20 ns
# KERNEL: Simulation has finished. There are no more test vectors to simulate.
run 20 ns
# KERNEL: stopped at time: 80 ns
# KERNEL: Simulation has finished. There are no more test vectors to simulate.
run 20 ns
# KERNEL: stopped at time: 100 ns
# KERNEL: Simulation has finished. There are no more test vectors to simulate.
run 20 ns
# KERNEL: stopped at time: 120 ns
# KERNEL: Simulation has finished. There are no more test vectors to simulate.
run 20 ns
# KERNEL: stopped at time: 140 ns
# KERNEL: Simulation has finished. There are no more test vectors to simulate.
run 20 ns
# KERNEL: stopped at time: 160 ns
# KERNEL: Simulation has finished. There are no more test vectors to simulate.
run 20 ns
# KERNEL: stopped at time: 180 ns
# KERNEL: Simulation has finished. There are no more test vectors to simulate.
run 20 ns
# KERNEL: stopped at time: 200 ns
# KERNEL: Simulation has finished. There are no more test vectors to simulate.
run 20 ns
# KERNEL: stopped at time: 220 ns
# KERNEL: Simulation has finished. There are no more test vectors to simulate.
run 20 ns
# KERNEL: stopped at time: 240 ns
# KERNEL: Simulation has finished. There are no more test vectors to simulate.
run 20 ns
# KERNEL: stopped at time: 260 ns
# KERNEL: Simulation has finished. There are no more test vectors to simulate.
endsim
#  Simulation has been stopped
# ELBREAD: Elaboration process.
# ELBREAD: Elaboration time 0.0 [s].
asim -advdataflow  bist_jk arh_jk
# ELBREAD: Elaboration process.
# ELBREAD: Elaboration time 0.0 [s].
# asim: Stack memory: 32MB
# asim: Retval memory: 32MB
acom -work MS_Bist_JK -2002  $DSN/src/MS_JK.vhd
# Compile...
# File: c:\My_Designs\Colocviu_PSN\MS_Bist_JK\src\MS_JK.vhd
# Compile Entity "Bist_JK"
# Compile Architecture "ARH_JK" of Entity "Bist_JK"
# Compile Entity "MS_JK"
# Compile Architecture "ARH_MS_JK" of Entity "MS_JK"
# Compile success 0 Errors 0 Warnings  Analysis time :  0.2 [s]
# ELBREAD: Elaboration process.
# ELBREAD: Elaboration time 0.0 [s].
# KERNEL: Main thread initiated.
# KERNEL: Kernel process initialization phase.
# KERNEL: Time resolution set to 1ps.
# ELAB2: Elaboration final pass...
# ELAB2: Create instances ...
# ELAB2: Create instances complete.
# ELAB2: Elaboration final pass complete - time: 0.0 [s].
# KERNEL: Kernel process initialization done.
# Allocation: Simulator allocated 1591 kB (elbread=1023 elab2=298 kernel=269 sdf=0)
#  11:51 AM, Sunday, May 15, 2011
#  Simulation has been initialized
#  Selected Top-Level: bist_jk (arh_jk)
run 20 ns
# KERNEL: stopped at time: 20 ns
# KERNEL: Simulation has finished. There are no more test vectors to simulate.
endsim
#  Simulation has been stopped
asim -advdataflow  bist_jk arh_jk
# ELBREAD: Elaboration process.
# ELBREAD: Elaboration time 0.0 [s].
# asim: Stack memory: 32MB
# asim: Retval memory: 32MB
# KERNEL: Main thread initiated.
# KERNEL: Kernel process initialization phase.
# KERNEL: Time resolution set to 1ps.
# ELAB2: Elaboration final pass...
# ELAB2: Create instances ...
# ELAB2: Create instances complete.
# ELAB2: Elaboration final pass complete - time: 0.0 [s].
# KERNEL: Kernel process initialization done.
# Allocation: Simulator allocated 1591 kB (elbread=1023 elab2=298 kernel=269 sdf=0)
#  11:51 AM, Sunday, May 15, 2011
#  Simulation has been initialized
#  Selected Top-Level: bist_jk (arh_jk)
run 20 ns
# KERNEL: stopped at time: 20 ns
# KERNEL: Simulation has finished. There are no more test vectors to simulate.
run 20 ns
# KERNEL: stopped at time: 40 ns
# KERNEL: Simulation has finished. There are no more test vectors to simulate.
run 20 ns
# KERNEL: stopped at time: 60 ns
# KERNEL: Simulation has finished. There are no more test vectors to simulate.
run 20 ns
# KERNEL: stopped at time: 80 ns
# KERNEL: Simulation has finished. There are no more test vectors to simulate.
acom -work MS_Bist_JK -2002  $DSN/src/MS_JK.vhd
# Compile...
# File: c:\My_Designs\Colocviu_PSN\MS_Bist_JK\src\MS_JK.vhd
# Compile Entity "Bist_JK"
# Compile Architecture "ARH_JK" of Entity "Bist_JK"
# Compile Entity "MS_JK"
# Compile Architecture "ARH_MS_JK" of Entity "MS_JK"
# Compile success 0 Errors 0 Warnings  Analysis time :  0.2 [s]
endsim
#  Simulation has been stopped
asim -advdataflow  bist_jk arh_jk
# ELBREAD: Elaboration process.
# ELBREAD: Elaboration time 0.0 [s].
# asim: Stack memory: 32MB
# asim: Retval memory: 32MB
# KERNEL: Main thread initiated.
# KERNEL: Kernel process initialization phase.
# KERNEL: Time resolution set to 1ps.
# ELAB2: Elaboration final pass...
# ELAB2: Create instances ...
# ELAB2: Create instances complete.
# ELAB2: Elaboration final pass complete - time: 0.0 [s].
# KERNEL: Kernel process initialization done.
# Allocation: Simulator allocated 1591 kB (elbread=1023 elab2=298 kernel=269 sdf=0)
#  11:52 AM, Sunday, May 15, 2011
#  Simulation has been initialized
#  Selected Top-Level: bist_jk (arh_jk)
# Signal Qs not found in design
run 20 ns
# KERNEL: stopped at time: 20 ns
# KERNEL: Simulation has finished. There are no more test vectors to simulate.
run 20 ns
# KERNEL: stopped at time: 40 ns
# KERNEL: Simulation has finished. There are no more test vectors to simulate.
run 20 ns
# KERNEL: stopped at time: 60 ns
# KERNEL: Simulation has finished. There are no more test vectors to simulate.
run 20 ns
# KERNEL: stopped at time: 80 ns
# KERNEL: Simulation has finished. There are no more test vectors to simulate.
run 20 ns
# KERNEL: stopped at time: 100 ns
# KERNEL: Simulation has finished. There are no more test vectors to simulate.
run 20 ns
# KERNEL: stopped at time: 120 ns
# KERNEL: Simulation has finished. There are no more test vectors to simulate.
run 20 ns
# KERNEL: stopped at time: 140 ns
# KERNEL: Simulation has finished. There are no more test vectors to simulate.
run 20 ns
# KERNEL: stopped at time: 160 ns
# KERNEL: Simulation has finished. There are no more test vectors to simulate.
run 20 ns
# KERNEL: stopped at time: 180 ns
# KERNEL: Simulation has finished. There are no more test vectors to simulate.
run 20 ns
# KERNEL: stopped at time: 200 ns
# KERNEL: Simulation has finished. There are no more test vectors to simulate.
run 20 ns
# KERNEL: stopped at time: 220 ns
# KERNEL: Simulation has finished. There are no more test vectors to simulate.
run 20 ns
# KERNEL: stopped at time: 240 ns
# KERNEL: Simulation has finished. There are no more test vectors to simulate.
run 20 ns
# KERNEL: stopped at time: 260 ns
# KERNEL: Simulation has finished. There are no more test vectors to simulate.
run 20 ns
# KERNEL: stopped at time: 280 ns
# KERNEL: Simulation has finished. There are no more test vectors to simulate.
run 20 ns
# KERNEL: stopped at time: 300 ns
# KERNEL: Simulation has finished. There are no more test vectors to simulate.
endsim
#  Simulation has been stopped
acom -work MS_Bist_JK -2002  $DSN/src/MS_JK.vhd
# Compile...
# File: c:\My_Designs\Colocviu_PSN\MS_Bist_JK\src\MS_JK.vhd
# Compile Entity "Bist_JK"
# Compile Architecture "ARH_JK" of Entity "Bist_JK"
# Compile Entity "MS_JK"
# Compile Architecture "ARH_MS_JK" of Entity "MS_JK"
# Compile success 0 Errors 0 Warnings  Analysis time :  0.2 [s]
acom -work MS_Bist_JK -2002  $DSN/src/MS_JK.vhd
# Compile...
# File: c:\My_Designs\Colocviu_PSN\MS_Bist_JK\src\MS_JK.vhd
# Compile Entity "Bist_JK"
# Compile Architecture "ARH_JK" of Entity "Bist_JK"
# Compile Entity "MS_JK"
# Compile Architecture "ARH_MS_JK" of Entity "MS_JK"
# Compile success 0 Errors 0 Warnings  Analysis time :  0.2 [s]
asim -advdataflow  bist_jk arh_jk
# ELBREAD: Elaboration process.
# ELBREAD: Elaboration time 0.0 [s].
# asim: Stack memory: 32MB
# asim: Retval memory: 32MB
# KERNEL: Main thread initiated.
# KERNEL: Kernel process initialization phase.
# KERNEL: Time resolution set to 1ps.
# ELAB2: Elaboration final pass...
# ELAB2: Create instances ...
# ELAB2: Create instances complete.
# ELAB2: Elaboration final pass complete - time: 0.0 [s].
# KERNEL: Kernel process initialization done.
# Allocation: Simulator allocated 1592 kB (elbread=1023 elab2=298 kernel=269 sdf=0)
#  11:53 AM, Sunday, May 15, 2011
#  Simulation has been initialized
#  Selected Top-Level: bist_jk (arh_jk)
# Signal Qs not found in design
run 20 ns
# KERNEL: stopped at time: 20 ns
run 20 ns
# KERNEL: stopped at time: 40 ns
run 20 ns
# KERNEL: stopped at time: 60 ns
run 20 ns
# KERNEL: stopped at time: 80 ns
run 20 ns
# KERNEL: stopped at time: 100 ns
run 20 ns
# KERNEL: stopped at time: 120 ns
run 20 ns
# KERNEL: stopped at time: 140 ns
run 20 ns
# KERNEL: stopped at time: 160 ns
run 20 ns
# KERNEL: stopped at time: 180 ns
run 20 ns
# KERNEL: stopped at time: 200 ns
run 20 ns
# KERNEL: stopped at time: 220 ns
run 20 ns
# KERNEL: stopped at time: 240 ns
run 20 ns
# KERNEL: stopped at time: 260 ns
run 20 ns
# KERNEL: stopped at time: 280 ns
run 20 ns
# KERNEL: stopped at time: 300 ns
run 20 ns
# KERNEL: stopped at time: 320 ns
run 20 ns
# KERNEL: stopped at time: 340 ns
run 20 ns
# KERNEL: stopped at time: 360 ns
run 20 ns
# KERNEL: stopped at time: 380 ns
run 20 ns
# KERNEL: stopped at time: 400 ns
run 20 ns
# KERNEL: stopped at time: 420 ns
run 20 ns
# KERNEL: stopped at time: 440 ns
run 20 ns
# KERNEL: stopped at time: 460 ns
run 20 ns
# KERNEL: stopped at time: 480 ns
run 20 ns
# KERNEL: stopped at time: 500 ns
run 20 ns
# KERNEL: stopped at time: 520 ns
run 20 ns
# KERNEL: stopped at time: 540 ns
endsim
#  Simulation has been stopped
# ELBREAD: Elaboration process.
# ELBREAD: Elaboration time 0.0 [s].
asim -advdataflow  ms_jk arh_ms_jk
# ELBREAD: Elaboration process.
# ELBREAD: Elaboration time 0.0 [s].
# asim: Stack memory: 32MB
# asim: Retval memory: 32MB
# KERNEL: Main thread initiated.
# KERNEL: Kernel process initialization phase.
# KERNEL: Time resolution set to 1ps.
# ELAB2: Elaboration final pass...
# ELAB2: Create instances ...
# ELAB2: Create instances complete.
# ELAB2: Elaboration final pass complete - time: 0.0 [s].
# KERNEL: Kernel process initialization done.
# Allocation: Simulator allocated 1593 kB (elbread=1023 elab2=299 kernel=269 sdf=0)
#  11:54 AM, Sunday, May 15, 2011
#  Simulation has been initialized
#  Selected Top-Level: ms_jk (arh_ms_jk)
run 10 ns
# KERNEL: stopped at time: 10 ns
run 10 ns
# KERNEL: stopped at time: 20 ns
run 10 ns
# KERNEL: stopped at time: 30 ns
run 10 ns
# KERNEL: stopped at time: 40 ns
run 10 ns
# KERNEL: stopped at time: 50 ns
run 10 ns
# KERNEL: stopped at time: 60 ns
run 10 ns
# KERNEL: stopped at time: 70 ns
run 10 ns
# KERNEL: stopped at time: 80 ns
run 10 ns
# KERNEL: stopped at time: 90 ns
run 10 ns
#  Simulation has been stopped
acom -work MS_Bist_JK -2002  $DSN/src/MS_JK.vhd
# Compile...
# File: c:\My_Designs\Colocviu_PSN\MS_Bist_JK\src\MS_JK.vhd
# Compile Entity "Bist_JK"
# Compile Architecture "ARH_JK" of Entity "Bist_JK"
# Compile Entity "MS_JK"
# Compile Architecture "ARH_MS_JK" of Entity "MS_JK"
# Compile success 0 Errors 0 Warnings  Analysis time :  0.2 [s]
asim -advdataflow  ms_jk arh_ms_jk
# ELBREAD: Elaboration process.
# ELBREAD: Elaboration time 0.0 [s].
# asim: Stack memory: 32MB
# asim: Retval memory: 32MB
# KERNEL: Main thread initiated.
# KERNEL: Kernel process initialization phase.
# KERNEL: Time resolution set to 1ps.
# ELAB2: Elaboration final pass...
# ELAB2: Create instances ...
# ELAB2: Create instances complete.
# ELAB2: Elaboration final pass complete - time: 0.0 [s].
# KERNEL: Kernel process initialization done.
# Allocation: Simulator allocated 1593 kB (elbread=1023 elab2=299 kernel=269 sdf=0)
#  11:56 AM, Sunday, May 15, 2011
#  Simulation has been initialized
#  Selected Top-Level: ms_jk (arh_ms_jk)
run 10 ns
# KERNEL: stopped at time: 10 ns
run 10 ns
# KERNEL: stopped at time: 20 ns
run 10 ns
# KERNEL: stopped at time: 30 ns
endsim
#  Simulation has been stopped
asim -advdataflow  ms_jk arh_ms_jk
# ELBREAD: Elaboration process.
# ELBREAD: Elaboration time 0.0 [s].
# asim: Stack memory: 32MB
# asim: Retval memory: 32MB
# KERNEL: Main thread initiated.
# KERNEL: Kernel process initialization phase.
# KERNEL: Time resolution set to 1ps.
# ELAB2: Elaboration final pass...
# ELAB2: Create instances ...
# ELAB2: Create instances complete.
# ELAB2: Elaboration final pass complete - time: 0.0 [s].
# KERNEL: Kernel process initialization done.
# Allocation: Simulator allocated 1593 kB (elbread=1023 elab2=299 kernel=269 sdf=0)
#  11:56 AM, Sunday, May 15, 2011
#  Simulation has been initialized
#  Selected Top-Level: ms_jk (arh_ms_jk)
run 10 ns
# KERNEL: stopped at time: 10 ns
run 10 ns
# KERNEL: stopped at time: 20 ns
run 10 ns
# KERNEL: stopped at time: 30 ns
run 10 ns
# KERNEL: stopped at time: 40 ns
run 10 ns
# KERNEL: stopped at time: 50 ns
run 10 ns
# KERNEL: stopped at time: 60 ns
run 10 ns
# KERNEL: stopped at time: 70 ns
run 10 ns
# KERNEL: stopped at time: 80 ns
run 10 ns
# KERNEL: stopped at time: 90 ns
run 10 ns
# KERNEL: stopped at time: 100 ns
endsim
#  Simulation has been stopped
acom -work MS_Bist_JK -2002  $DSN/src/MS_JK.vhd
# Compile...
# File: c:\My_Designs\Colocviu_PSN\MS_Bist_JK\src\MS_JK.vhd
# Compile Entity "Bist_JK"
# Compile Architecture "ARH_JK" of Entity "Bist_JK"
# Compile Entity "MS_JK"
# Compile Architecture "ARH_MS_JK" of Entity "MS_JK"
# Compile success 0 Errors 0 Warnings  Analysis time :  0.2 [s]
asim -advdataflow  ms_jk arh_ms_jk
# ELBREAD: Elaboration process.
# ELBREAD: Elaboration time 0.0 [s].
# asim: Stack memory: 32MB
# asim: Retval memory: 32MB
# KERNEL: Main thread initiated.
# KERNEL: Kernel process initialization phase.
# KERNEL: Time resolution set to 1ps.
# ELAB2: Elaboration final pass...
# ELAB2: Create instances ...
# ELAB2: Create instances complete.
# ELAB2: Elaboration final pass complete - time: 0.0 [s].
# KERNEL: Kernel process initialization done.
# Allocation: Simulator allocated 1593 kB (elbread=1023 elab2=299 kernel=269 sdf=0)
#  11:57 AM, Sunday, May 15, 2011
#  Simulation has been initialized
#  Selected Top-Level: ms_jk (arh_ms_jk)
run 10 ns
# KERNEL: stopped at time: 10 ns
run 10 ns
# KERNEL: stopped at time: 20 ns
run 10 ns
# KERNEL: stopped at time: 30 ns
run 10 ns
# KERNEL: stopped at time: 40 ns
run 10 ns
# KERNEL: stopped at time: 50 ns
run 10 ns
# KERNEL: stopped at time: 60 ns
run 10 ns
# KERNEL: stopped at time: 70 ns
run 10 ns
# KERNEL: stopped at time: 80 ns
run 10 ns
# KERNEL: stopped at time: 90 ns
run 10 ns
# KERNEL: stopped at time: 100 ns
run 10 ns
# KERNEL: stopped at time: 110 ns
run 10 ns
# KERNEL: stopped at time: 120 ns
run 10 ns
# KERNEL: stopped at time: 130 ns
endsim
#  Simulation has been stopped
asim -advdataflow  ms_jk arh_ms_jk
# ELBREAD: Elaboration process.
# ELBREAD: Elaboration time 0.0 [s].
# asim: Stack memory: 32MB
# asim: Retval memory: 32MB
# KERNEL: Main thread initiated.
# KERNEL: Kernel process initialization phase.
# KERNEL: Time resolution set to 1ps.
# ELAB2: Elaboration final pass...
# ELAB2: Create instances ...
# ELAB2: Create instances complete.
# ELAB2: Elaboration final pass complete - time: 0.0 [s].
# KERNEL: Kernel process initialization done.
# Allocation: Simulator allocated 1593 kB (elbread=1023 elab2=299 kernel=269 sdf=0)
#  11:57 AM, Sunday, May 15, 2011
#  Simulation has been initialized
#  Selected Top-Level: ms_jk (arh_ms_jk)
run 10 ns
# KERNEL: stopped at time: 10 ns
run 10 ns
# KERNEL: stopped at time: 20 ns
endsim
#  Simulation has been stopped
acom -work MS_Bist_JK -2002  $DSN/src/MS_JK.vhd
# Compile...
# File: c:\My_Designs\Colocviu_PSN\MS_Bist_JK\src\MS_JK.vhd
# Compile Entity "Bist_JK"
# Compile Architecture "ARH_JK" of Entity "Bist_JK"
# Compile Entity "MS_JK"
# Compile Architecture "ARH_MS_JK" of Entity "MS_JK"
# Compile success 0 Errors 0 Warnings  Analysis time :  0.3 [s]
# Design: 12:01 PM, Sunday, May 15, 2011
# Design: Opening design "c:\My_Designs\Colocviu_PSN\MS_Numarator_2bit\MS_Numarator_2bit.adf"
# ELBREAD: Elaboration process.
# ELBREAD: Elaboration time 0.0 [s].
# Design: Design "MS_Numarator_2bit" has been set as active.
