# Design: Design flux already active.
# DESIGN: Default Design Language: VHDL
# DESIGN: Default BDE Language: VHDL
# DESIGN: Flow Manager: Not Defined
acom -reorder -work flux $DSN/src/flux.vhd
# Compile with File Reorder...
# File: c:\My_Designs\flux\flux\src\flux.vhd
# Compile Entity "si"
# Compile Architecture "flux" of Entity "si"
# Error: COMP96_0015: flux.vhd : (39, 8): ';' expected.
# Error: COMP96_0019: flux.vhd : (39, 8): Keyword "end" expected.
# Error: COMP96_0016: flux.vhd : (39, 9): Design unit declaration expected.
# Compile failure 3 Errors 0 Warnings  Analysis time :  0.0 [s]
acom -work flux $DSN/src/flux.vhd
# Compile...
# File: c:\My_Designs\flux\flux\src\flux.vhd
# Compile Entity "si"
# Compile Architecture "flux" of Entity "si"
# Compile success 0 Errors 0 Warnings  Analysis time :  0.0 [s]
# Design: Design flux already active.
# ELBREAD: Elaboration process.
# ELBREAD: Elaboration time 0.0 [s].
asim si flux
# ELBREAD: Elaboration process.
# ELBREAD: Elaboration time 0.0 [s].
# asim: Stack memory: 32MB
# asim: Retval memory: 32MB
# KERNEL: Main thread initiated.
# KERNEL: Kernel process initialization phase.
# KERNEL: Time resolution set to 1ps.
# ELAB2: Elaboration final pass...
# ELAB2: Create instances ...
# ELAB2: Create instances complete.
# ELAB2: Elaboration final pass complete - time: 0.0 [s].
# KERNEL: Warning: You are using a Student Edition of Active-HDL. The performance of simulation is running at a reduced rate.
# KERNEL: Warning: To receive an unrestricted version contact sales@aldec.com.
# KERNEL: Kernel process initialization done.
# Allocation: Simulator allocated 1611 kB (elbread=1031 elab2=298 kernel=281 sdf=0)
#  2:58 PM, Wednesday, May 04, 2011
#  Simulation has been initialized
#  Selected Top-Level: si (flux)
run 100 ns
# KERNEL: stopped at time: 100 ns
# KERNEL: Simulation has finished. There are no more test vectors to simulate.
run 100 ns
# KERNEL: stopped at time: 200 ns
# KERNEL: Simulation has finished. There are no more test vectors to simulate.
run 100 ns
# KERNEL: stopped at time: 300 ns
# KERNEL: Simulation has finished. There are no more test vectors to simulate.
#  Simulation has been stopped
