acom -work MS_Numarator_2bit -2002  $DSN/src/MS_Counter.vhd
# Compile...
# File: c:\My_Designs\Colocviu_PSN\MS_Numarator_2bit\src\MS_Counter.vhd
# Compile Entity "Numarator_2bit"
# Compile Architecture "ARH_Counter" of Entity "Numarator_2bit"
# Compile Entity "MS_Counter"
# Compile Architecture "ARH_MS_COUNTER" of Entity "MS_Counter"
# Error: COMP96_0078: MS_Counter.vhd : (31, 15): Unknown identifier "std_logic_vector".
# Error: COMP96_0064: MS_Counter.vhd : (31, 15): Unknown type.
# Error: COMP96_0078: MS_Counter.vhd : (33, 10): Unknown identifier "std_logic_vector".
# Error: COMP96_0064: MS_Counter.vhd : (33, 10): Unknown type.
# Error: COMP96_0078: MS_Counter.vhd : (37, 14): Unknown identifier "std_logic_vector".
# Error: COMP96_0064: MS_Counter.vhd : (37, 14): Unknown type.
# Compile failure 6 Errors 0 Warnings  Analysis time :  0.5 [s]
acom -work MS_Numarator_2bit -2002  $DSN/src/MS_Counter.vhd
# Compile...
# File: c:\My_Designs\Colocviu_PSN\MS_Numarator_2bit\src\MS_Counter.vhd
# Compile Entity "Numarator_2bit"
# Compile Architecture "ARH_Counter" of Entity "Numarator_2bit"
# Compile Entity "MS_Counter"
# Compile Architecture "ARH_MS_COUNTER" of Entity "MS_Counter"
# Compile success 0 Errors 0 Warnings  Analysis time :  0.2 [s]
# ELBREAD: Elaboration process.
# ELBREAD: Elaboration time 0.1 [s].
asim -advdataflow  ms_counter arh_ms_counter
# ELBREAD: Elaboration process.
# ELBREAD: Elaboration time 0.0 [s].
# asim: Stack memory: 32MB
# asim: Retval memory: 32MB
# KERNEL: Main thread initiated.
# KERNEL: Kernel process initialization phase.
# KERNEL: Time resolution set to 1ps.
# ELAB2: Elaboration final pass...
# ELAB2: Create instances ...
# ELAB2: Create instances complete.
# ELAB2: Elaboration final pass complete - time: 0.1 [s].
# KERNEL: Kernel process initialization done.
# Allocation: Simulator allocated 1618 kB (elbread=1023 elab2=324 kernel=270 sdf=0)
#  2:07 PM, Sunday, May 15, 2011
#  Simulation has been initialized
#  Selected Top-Level: ms_counter (arh_ms_counter)
acom -work MS_Numarator_2bit -2002  $DSN/src/MS_Counter.vhd
# Compile...
# File: c:\My_Designs\Colocviu_PSN\MS_Numarator_2bit\src\MS_Counter.vhd
# Compile Entity "Numarator_2bit"
# Compile Architecture "ARH_Counter" of Entity "Numarator_2bit"
# Compile Entity "MS_Counter"
# Compile Architecture "ARH_MS_COUNTER" of Entity "MS_Counter"
# Compile success 0 Errors 0 Warnings  Analysis time :  0.2 [s]
endsim
#  Simulation has been stopped
asim -advdataflow  ms_counter arh_ms_counter
# ELBREAD: Elaboration process.
# ELBREAD: Elaboration time 0.1 [s].
# asim: Stack memory: 32MB
# asim: Retval memory: 32MB
# KERNEL: Main thread initiated.
# KERNEL: Kernel process initialization phase.
# KERNEL: Time resolution set to 1ps.
# ELAB2: Elaboration final pass...
# ELAB2: Create instances ...
# ELAB2: Create instances complete.
# ELAB2: Elaboration final pass complete - time: 0.1 [s].
# KERNEL: Kernel process initialization done.
# Allocation: Simulator allocated 1618 kB (elbread=1023 elab2=324 kernel=270 sdf=0)
#  2:07 PM, Sunday, May 15, 2011
#  Simulation has been initialized
#  Selected Top-Level: ms_counter (arh_ms_counter)
run 50 ns
# KERNEL: stopped at time: 50 ns
endsim
#  Simulation has been stopped
asim -advdataflow  ms_counter arh_ms_counter
# ELBREAD: Elaboration process.
# ELBREAD: Elaboration time 0.1 [s].
# asim: Stack memory: 32MB
# asim: Retval memory: 32MB
# KERNEL: Main thread initiated.
# KERNEL: Kernel process initialization phase.
# KERNEL: Time resolution set to 1ps.
# ELAB2: Elaboration final pass...
# ELAB2: Create instances ...
# ELAB2: Create instances complete.
# ELAB2: Elaboration final pass complete - time: 0.1 [s].
# KERNEL: Kernel process initialization done.
# Allocation: Simulator allocated 1618 kB (elbread=1023 elab2=324 kernel=270 sdf=0)
#  2:07 PM, Sunday, May 15, 2011
#  Simulation has been initialized
#  Selected Top-Level: ms_counter (arh_ms_counter)
run 10 ns
# KERNEL: stopped at time: 10 ns
run 10 ns
# KERNEL: stopped at time: 20 ns
run 10 ns
# KERNEL: stopped at time: 30 ns
run 10 ns
# KERNEL: stopped at time: 40 ns
run 10 ns
# KERNEL: stopped at time: 50 ns
run 10 ns
# KERNEL: stopped at time: 60 ns
run 10 ns
# KERNEL: stopped at time: 70 ns
run 10 ns
# KERNEL: stopped at time: 80 ns
run 10 ns
# KERNEL: stopped at time: 90 ns
run 10 ns
# KERNEL: stopped at time: 100 ns
run 10 ns
# KERNEL: stopped at time: 110 ns
run 10 ns
# KERNEL: stopped at time: 120 ns
run 10 ns
# KERNEL: stopped at time: 130 ns
run 10 ns
# KERNEL: stopped at time: 140 ns
run 10 ns
# KERNEL: stopped at time: 150 ns
run 10 ns
# KERNEL: stopped at time: 160 ns
run 10 ns
# KERNEL: stopped at time: 170 ns
run 10 ns
# KERNEL: stopped at time: 180 ns
run 10 ns
# KERNEL: stopped at time: 190 ns
run 10 ns
# KERNEL: stopped at time: 200 ns
run 10 ns
# KERNEL: stopped at time: 210 ns
run 10 ns
# KERNEL: stopped at time: 220 ns
run 10 ns
# KERNEL: stopped at time: 230 ns
run 10 ns
# KERNEL: stopped at time: 240 ns
run 10 ns
# KERNEL: stopped at time: 250 ns
endsim
#  Simulation has been stopped
# Design: 2:21 PM, Sunday, May 15, 2011
# Design: Opening design "c:\My_Designs\Colocviu_PSN\MS_Registru_deplasare\MS_Registru_deplasare.adf"
# ELBREAD: Elaboration process.
# ELBREAD: Elaboration time 0.0 [s].
# Design: Design "MS_Registru_deplasare" has been set as active.
# Design Explorer: Shortcut to "c:\My_Designs\Colocviu_PSN\Colocviu_PSN.aws" design added.
