Release 14.7 - xst P.20131013 (nt64)
Copyright (c) 1995-2013 Xilinx, Inc.  All rights reserved.
--> Parameter TMPDIR set to xst/projnav.tmp


Total REAL time to Xst completion: 0.00 secs
Total CPU time to Xst completion: 0.10 secs
 
--> Parameter xsthdpdir set to xst


Total REAL time to Xst completion: 0.00 secs
Total CPU time to Xst completion: 0.10 secs
 
--> Reading design: ps_2.prj

TABLE OF CONTENTS
  1) Synthesis Options Summary
  2) HDL Compilation
  3) Design Hierarchy Analysis
  4) HDL Analysis
  5) HDL Synthesis
     5.1) HDL Synthesis Report
  6) Advanced HDL Synthesis
     6.1) Advanced HDL Synthesis Report
  7) Low Level Synthesis
  8) Partition Report
  9) Final Report
	9.1) Device utilization summary
	9.2) Partition Resource Summary
	9.3) TIMING REPORT


=========================================================================
*                      Synthesis Options Summary                        *
=========================================================================
---- Source Parameters
Input File Name                    : "ps_2.prj"
Input Format                       : mixed
Ignore Synthesis Constraint File   : NO

---- Target Parameters
Output File Name                   : "ps_2"
Output Format                      : NGC
Target Device                      : xc3s100e-5-cp132

---- Source Options
Top Module Name                    : ps_2
Automatic FSM Extraction           : YES
FSM Encoding Algorithm             : Auto
Safe Implementation                : No
FSM Style                          : LUT
RAM Extraction                     : Yes
RAM Style                          : Auto
ROM Extraction                     : Yes
Mux Style                          : Auto
Decoder Extraction                 : YES
Priority Encoder Extraction        : Yes
Shift Register Extraction          : YES
Logical Shifter Extraction         : YES
XOR Collapsing                     : YES
ROM Style                          : Auto
Mux Extraction                     : Yes
Resource Sharing                   : YES
Asynchronous To Synchronous        : NO
Multiplier Style                   : Auto
Automatic Register Balancing       : No

---- Target Options
Add IO Buffers                     : YES
Global Maximum Fanout              : 100000
Add Generic Clock Buffer(BUFG)     : 24
Register Duplication               : YES
Slice Packing                      : YES
Optimize Instantiated Primitives   : NO
Use Clock Enable                   : Yes
Use Synchronous Set                : Yes
Use Synchronous Reset              : Yes
Pack IO Registers into IOBs        : Auto
Equivalent register Removal        : YES

---- General Options
Optimization Goal                  : Speed
Optimization Effort                : 1
Keep Hierarchy                     : No
Netlist Hierarchy                  : As_Optimized
RTL Output                         : Yes
Global Optimization                : AllClockNets
Read Cores                         : YES
Write Timing Constraints           : NO
Cross Clock Analysis               : NO
Hierarchy Separator                : /
Bus Delimiter                      : <>
Case Specifier                     : Maintain
Slice Utilization Ratio            : 100
BRAM Utilization Ratio             : 100
Verilog 2001                       : YES
Auto BRAM Packing                  : NO
Slice Utilization Ratio Delta      : 5

=========================================================================


=========================================================================
*                          HDL Compilation                              *
=========================================================================
Compiling vhdl file "C:/Users/Andrei/Desktop/ps_2KeyboardController/Debounce.vhd" in Library work.
Entity <debounce> compiled.
Entity <debounce> (Architecture <deb>) compiled.
Compiling vhdl file "C:/Users/Andrei/Desktop/ps_2KeyboardController/DFF.vhd" in Library work.
Architecture d of Entity d_ff is up to date.
Compiling vhdl file "C:/Users/Andrei/Desktop/ps_2KeyboardController/eleven-bit_counter.vhd" in Library work.
Architecture count of Entity counter is up to date.
Compiling vhdl file "C:/Users/Andrei/Desktop/ps_2KeyboardController/eleven-bit_sreg.vhd" in Library work.
Architecture arh1 of Entity shift_register is up to date.
Compiling vhdl file "C:/Users/Andrei/Desktop/ps_2KeyboardController/reg.vhd" in Library work.
Architecture reg1 of Entity reg is up to date.
Compiling vhdl file "C:/Users/Andrei/Desktop/ps_2KeyboardController/decoder.vhd" in Library work.
Architecture decode of Entity decoder is up to date.
Compiling vhdl file "C:/Users/Andrei/Desktop/ps_2KeyboardController/top_level.vhd" in Library work.
Entity <ps_2> compiled.
Entity <ps_2> (Architecture <keyboard>) compiled.

=========================================================================
*                     Design Hierarchy Analysis                         *
=========================================================================
Analyzing hierarchy for entity <ps_2> in library <work> (architecture <keyboard>).

Analyzing hierarchy for entity <debounce> in library <work> (architecture <deb>) with generics.
	c_s = 10

Analyzing hierarchy for entity <D_FF> in library <work> (architecture <d>).

Analyzing hierarchy for entity <counter> in library <work> (architecture <count>).

Analyzing hierarchy for entity <shift_register> in library <work> (architecture <arh1>).

Analyzing hierarchy for entity <reg> in library <work> (architecture <reg1>).

Analyzing hierarchy for entity <decoder> in library <work> (architecture <decode>).


=========================================================================
*                            HDL Analysis                               *
=========================================================================
Analyzing Entity <ps_2> in library <work> (Architecture <keyboard>).
Entity <ps_2> analyzed. Unit <ps_2> generated.

Analyzing generic Entity <debounce> in library <work> (Architecture <deb>).
	c_s = 10
Entity <debounce> analyzed. Unit <debounce> generated.

Analyzing Entity <D_FF> in library <work> (Architecture <d>).
Entity <D_FF> analyzed. Unit <D_FF> generated.

Analyzing Entity <counter> in library <work> (Architecture <count>).
Entity <counter> analyzed. Unit <counter> generated.

Analyzing Entity <shift_register> in library <work> (Architecture <arh1>).
Entity <shift_register> analyzed. Unit <shift_register> generated.

Analyzing Entity <reg> in library <work> (Architecture <reg1>).
Entity <reg> analyzed. Unit <reg> generated.

Analyzing Entity <decoder> in library <work> (Architecture <decode>).
Entity <decoder> analyzed. Unit <decoder> generated.


=========================================================================
*                           HDL Synthesis                               *
=========================================================================

Performing bidirectional port resolution...

Synthesizing Unit <debounce>.
    Related source file is "C:/Users/Andrei/Desktop/ps_2KeyboardController/Debounce.vhd".
    Found 1-bit register for signal <r>.
    Found 11-bit up counter for signal <cout>.
    Found 1-bit xor2 for signal <cset>.
    Found 2-bit register for signal <ff>.
    Summary:
	inferred   1 Counter(s).
	inferred   3 D-type flip-flop(s).
Unit <debounce> synthesized.


Synthesizing Unit <D_FF>.
    Related source file is "C:/Users/Andrei/Desktop/ps_2KeyboardController/DFF.vhd".
    Found 1-bit register for signal <q>.
    Summary:
	inferred   1 D-type flip-flop(s).
Unit <D_FF> synthesized.


Synthesizing Unit <counter>.
    Related source file is "C:/Users/Andrei/Desktop/ps_2KeyboardController/eleven-bit_counter.vhd".
    Found 1-bit register for signal <intz>.
    Found 4-bit up counter for signal <v>.
    Summary:
	inferred   1 Counter(s).
	inferred   1 D-type flip-flop(s).
Unit <counter> synthesized.


Synthesizing Unit <shift_register>.
    Related source file is "C:/Users/Andrei/Desktop/ps_2KeyboardController/eleven-bit_sreg.vhd".
WARNING:Xst:646 - Signal <aux<0>> is assigned but never used. This unconnected signal will be trimmed during the optimization process.
    Found 10-bit register for signal <aux<10:1>>.
    Summary:
	inferred  10 D-type flip-flop(s).
Unit <shift_register> synthesized.


Synthesizing Unit <reg>.
    Related source file is "C:/Users/Andrei/Desktop/ps_2KeyboardController/reg.vhd".
    Found 8-bit register for signal <int2>.
    Summary:
	inferred   8 D-type flip-flop(s).
Unit <reg> synthesized.


Synthesizing Unit <decoder>.
    Related source file is "C:/Users/Andrei/Desktop/ps_2KeyboardController/decoder.vhd".
    Found 7-bit register for signal <intQ>.
    Summary:
	inferred   7 D-type flip-flop(s).
Unit <decoder> synthesized.


Synthesizing Unit <ps_2>.
    Related source file is "C:/Users/Andrei/Desktop/ps_2KeyboardController/top_level.vhd".
Unit <ps_2> synthesized.


=========================================================================
HDL Synthesis Report

Macro Statistics
# Counters                                             : 3
 11-bit up counter                                     : 2
 4-bit up counter                                      : 1
# Registers                                            : 22
 1-bit register                                        : 20
 7-bit register                                        : 1
 8-bit register                                        : 1
# Xors                                                 : 2
 1-bit xor2                                            : 2

=========================================================================

=========================================================================
*                       Advanced HDL Synthesis                          *
=========================================================================


=========================================================================
Advanced HDL Synthesis Report

Macro Statistics
# Counters                                             : 3
 11-bit up counter                                     : 2
 4-bit up counter                                      : 1
# Registers                                            : 35
 Flip-Flops                                            : 35
# Xors                                                 : 2
 1-bit xor2                                            : 2

=========================================================================

=========================================================================
*                         Low Level Synthesis                           *
=========================================================================

Optimizing unit <ps_2> ...

Optimizing unit <debounce> ...

Optimizing unit <shift_register> ...

Optimizing unit <reg> ...

Optimizing unit <decoder> ...

Mapping all equations...
Building and optimizing final netlist ...
Found area constraint ratio of 100 (+ 5) on block ps_2, actual ratio is 6.

Final Macro Processing ...

=========================================================================
Final Register Report

Macro Statistics
# Registers                                            : 61
 Flip-Flops                                            : 61

=========================================================================

=========================================================================
*                           Partition Report                            *
=========================================================================

Partition Implementation Status
-------------------------------

  No Partitions were found in this design.

-------------------------------

=========================================================================
*                            Final Report                               *
=========================================================================
Final Results
RTL Top Level Output File Name     : ps_2.ngr
Top Level Output File Name         : ps_2
Output Format                      : NGC
Optimization Goal                  : Speed
Keep Hierarchy                     : No

Design Statistics
# IOs                              : 15

Cell Usage :
# BELS                             : 143
#      GND                         : 1
#      INV                         : 2
#      LUT2                        : 8
#      LUT2_L                      : 6
#      LUT3                        : 32
#      LUT3_D                      : 2
#      LUT3_L                      : 3
#      LUT4                        : 35
#      LUT4_D                      : 1
#      LUT4_L                      : 7
#      MUXCY                       : 20
#      MUXF5                       : 3
#      VCC                         : 1
#      XORCY                       : 22
# FlipFlops/Latches                : 61
#      FDC                         : 13
#      FDCE                        : 30
#      FDE                         : 6
#      FDR                         : 5
#      FDRS                        : 1
#      FDS                         : 6
# Clock Buffers                    : 1
#      BUFGP                       : 1
# IO Buffers                       : 14
#      IBUF                        : 3
#      OBUF                        : 11
=========================================================================

Device utilization summary:
---------------------------

Selected Device : 3s100ecp132-5 

 Number of Slices:                       53  out of    960     5%  
 Number of Slice Flip Flops:             61  out of   1920     3%  
 Number of 4 input LUTs:                 96  out of   1920     5%  
 Number of IOs:                          15
 Number of bonded IOBs:                  15  out of     83    18%  
 Number of GCLKs:                         1  out of     24     4%  

---------------------------
Partition Resource Summary:
---------------------------

  No Partitions were found in this design.

---------------------------


=========================================================================
TIMING REPORT

NOTE: THESE TIMING NUMBERS ARE ONLY A SYNTHESIS ESTIMATE.
      FOR ACCURATE TIMING INFORMATION PLEASE REFER TO THE TRACE REPORT
      GENERATED AFTER PLACE-and-ROUTE.

Clock Information:
------------------
-----------------------------------+------------------------+-------+
Clock Signal                       | Clock buffer(FF name)  | Load  |
-----------------------------------+------------------------+-------+
clk                                | BUFGP                  | 46    |
deb1/r                             | NONE(count/intz)       | 15    |
-----------------------------------+------------------------+-------+
INFO:Xst:2169 - HDL ADVISOR - Some clock signals were not automatically buffered by XST with BUFG/BUFR resources. Please use the buffer_type constraint in order to insert these buffers to the clock signals to help prevent skew problems.

Asynchronous Control Signals Information:
----------------------------------------
-----------------------------------+------------------------+-------+
Control Signal                     | Buffer(FF name)        | Load  |
-----------------------------------+------------------------+-------+
rst                                | IBUF                   | 43    |
-----------------------------------+------------------------+-------+

Timing Summary:
---------------
Speed Grade: -5

   Minimum period: 5.248ns (Maximum Frequency: 190.566MHz)
   Minimum input arrival time before clock: 3.777ns
   Maximum output required time after clock: 4.040ns
   Maximum combinational path delay: No path found

Timing Detail:
--------------
All values displayed in nanoseconds (ns)

=========================================================================
Timing constraint: Default period analysis for Clock 'deb1/r'
  Clock period: 3.141ns (frequency: 318.410MHz)
  Total number of paths / destination ports: 39 / 18
-------------------------------------------------------------------------
Delay:               3.141ns (Levels of Logic = 1)
  Source:            count/v_0 (FF)
  Destination:       count/v_0 (FF)
  Source Clock:      deb1/r rising
  Destination Clock: deb1/r rising

  Data Path: count/v_0 to count/v_0
                                Gate     Net
    Cell:in->out      fanout   Delay   Delay  Logical Name (Net Name)
    ----------------------------------------  ------------
     FDR:C->Q              6   0.514   0.721  count/v_0 (count/v_0)
     LUT4:I0->O            4   0.612   0.499  count/v_cmp_eq00001 (count/v_cmp_eq0000)
     FDR:R                     0.795          count/v_0
    ----------------------------------------
    Total                      3.141ns (1.921ns logic, 1.220ns route)
                                       (61.2% logic, 38.8% route)

=========================================================================
Timing constraint: Default period analysis for Clock 'clk'
  Clock period: 5.248ns (frequency: 190.566MHz)
  Total number of paths / destination ports: 750 / 75
-------------------------------------------------------------------------
Delay:               5.248ns (Levels of Logic = 4)
  Source:            r1/int2_4 (FF)
  Destination:       de1/intQ_6 (FF)
  Source Clock:      clk rising
  Destination Clock: clk rising

  Data Path: r1/int2_4 to de1/intQ_6
                                Gate     Net
    Cell:in->out      fanout   Delay   Delay  Logical Name (Net Name)
    ----------------------------------------  ------------
     FDCE:C->Q            27   0.514   1.102  r1/int2_4 (r1/int2_4)
     LUT3:I2->O            1   0.612   0.426  de1/intQ_mux0001<0>26 (de1/intQ_mux0001<0>26)
     LUT4:I1->O            1   0.612   0.387  de1/intQ_mux0001<0>34 (de1/intQ_mux0001<0>34)
     LUT3_L:I2->LO         1   0.612   0.103  de1/intQ_mux0001<0>134_SW0 (N11)
     LUT4:I3->O            1   0.612   0.000  de1/intQ_mux0001<0>1481 (de1/intQ_mux0001<0>148)
     FDS:D                     0.268          de1/intQ_6
    ----------------------------------------
    Total                      5.248ns (3.230ns logic, 2.018ns route)
                                       (61.6% logic, 38.4% route)

=========================================================================
Timing constraint: Default OFFSET IN BEFORE for Clock 'clk'
  Total number of paths / destination ports: 8 / 8
-------------------------------------------------------------------------
Offset:              3.777ns (Levels of Logic = 2)
  Source:            rst (PAD)
  Destination:       deb2/ff_1 (FF)
  Destination Clock: clk rising

  Data Path: rst to deb2/ff_1
                                Gate     Net
    Cell:in->out      fanout   Delay   Delay  Logical Name (Net Name)
    ----------------------------------------  ------------
     IBUF:I->O            46   1.106   1.077  rst_IBUF (rst_IBUF)
     INV:I->O              4   0.612   0.499  deb2/rst_inv1_INV_0 (deb1/rst_inv)
     FDE:CE                    0.483          deb1/ff_0
    ----------------------------------------
    Total                      3.777ns (2.201ns logic, 1.576ns route)
                                       (58.3% logic, 41.7% route)

=========================================================================
Timing constraint: Default OFFSET OUT AFTER for Clock 'clk'
  Total number of paths / destination ports: 7 / 7
-------------------------------------------------------------------------
Offset:              4.040ns (Levels of Logic = 1)
  Source:            de1/intQ_6 (FF)
  Destination:       afis<6> (PAD)
  Source Clock:      clk rising

  Data Path: de1/intQ_6 to afis<6>
                                Gate     Net
    Cell:in->out      fanout   Delay   Delay  Logical Name (Net Name)
    ----------------------------------------  ------------
     FDS:C->Q              1   0.514   0.357  de1/intQ_6 (de1/intQ_6)
     OBUF:I->O                 3.169          afis_6_OBUF (afis<6>)
    ----------------------------------------
    Total                      4.040ns (3.683ns logic, 0.357ns route)
                                       (91.2% logic, 8.8% route)

=========================================================================


Total REAL time to Xst completion: 6.00 secs
Total CPU time to Xst completion: 5.84 secs
 
--> 

Total memory usage is 239484 kilobytes

Number of errors   :    0 (   0 filtered)
Number of warnings :    1 (   0 filtered)
Number of infos    :    1 (   0 filtered)

