acom -reorder -work MS_Registru_deplasare -2002  $DSN/src/MS_Registru_deplasare.vhd
# Compile with File Reorder...
# File: c:\My_Designs\Colocviu_PSN\MS_Registru_deplasare\src\MS_Registru_deplasare.vhd
# Compile Entity "Shifter"
# Compile Architecture "ARH_Shifter" of Entity "Shifter"
# Error: COMP96_0015: MS_Registru_deplasare.vhd : (11, 16): ')' expected.
# Error: COMP96_0019: MS_Registru_deplasare.vhd : (11, 23): Keyword "then" expected.
# Compile failure 2 Errors 0 Warnings  Analysis time :  31.0 [ms]
acom -work MS_Registru_deplasare -2002  $DSN/src/MS_Registru_deplasare.vhd
# Compile...
# File: c:\My_Designs\Colocviu_PSN\MS_Registru_deplasare\src\MS_Registru_deplasare.vhd
# Compile Entity "Shifter"
# Compile Architecture "ARH_Shifter" of Entity "Shifter"
# Compile success 0 Errors 0 Warnings  Analysis time :  0.4 [s]
# Design: Design MS_Registru_deplasare already active.
# ELBREAD: Elaboration process.
# ELBREAD: Elaboration time 0.0 [s].
asim -advdataflow  shifter arh_shifter
# ELBREAD: Elaboration process.
# ELBREAD: Elaboration time 0.0 [s].
# asim: Stack memory: 32MB
# asim: Retval memory: 32MB
# KERNEL: Main thread initiated.
# KERNEL: Kernel process initialization phase.
# KERNEL: Time resolution set to 1ps.
# ELAB2: Elaboration final pass...
# ELAB2: Create instances ...
# ELAB2: Create instances complete.
# ELAB2: Elaboration final pass complete - time: 0.0 [s].
# KERNEL: Kernel process initialization done.
# Allocation: Simulator allocated 1592 kB (elbread=1023 elab2=299 kernel=269 sdf=0)
#  5:20 PM, Sunday, May 15, 2011
#  Simulation has been initialized
#  Selected Top-Level: shifter (arh_shifter)
run 100 ns
# KERNEL: stopped at time: 100 ns
run 100 ns
# KERNEL: stopped at time: 200 ns
run 50 ns
# KERNEL: stopped at time: 250 ns
run 50 ns
# KERNEL: stopped at time: 300 ns
run 50 ns
# KERNEL: stopped at time: 350 ns
run 50 ns
# KERNEL: stopped at time: 400 ns
run 50 ns
# KERNEL: stopped at time: 450 ns
run 50 ns
# KERNEL: stopped at time: 500 ns
run 50 ns
# KERNEL: stopped at time: 550 ns
run 50 ns
# KERNEL: stopped at time: 600 ns
run 50 ns
# KERNEL: stopped at time: 650 ns
run 50 ns
# KERNEL: stopped at time: 700 ns
run 50 ns
# KERNEL: stopped at time: 750 ns
run 50 ns
# KERNEL: stopped at time: 800 ns
run 50 ns
# KERNEL: stopped at time: 850 ns
run 50 ns
# KERNEL: stopped at time: 900 ns
run 50 ns
# KERNEL: stopped at time: 950 ns
run 50 ns
# KERNEL: stopped at time: 1 us
run 50 ns
# KERNEL: stopped at time: 1050 ns
run 50 ns
# KERNEL: stopped at time: 1100 ns
run 50 ns
# KERNEL: stopped at time: 1150 ns
run 50 ns
# KERNEL: stopped at time: 1200 ns
run 50 ns
# KERNEL: stopped at time: 1250 ns
run 50 ns
# KERNEL: stopped at time: 1300 ns
run 50 ns
# KERNEL: stopped at time: 1350 ns
run 50 ns
# KERNEL: stopped at time: 1400 ns
run 50 ns
# KERNEL: stopped at time: 1450 ns
run 50 ns
# KERNEL: stopped at time: 1500 ns
run 50 ns
# KERNEL: stopped at time: 1550 ns
run 50 ns
# KERNEL: stopped at time: 1600 ns
run 50 ns
# KERNEL: stopped at time: 1650 ns
run 50 ns
# KERNEL: stopped at time: 1700 ns
run 50 ns
# KERNEL: stopped at time: 1750 ns
run 50 ns
# KERNEL: stopped at time: 1800 ns
run 50 ns
# KERNEL: stopped at time: 1850 ns
run 50 ns
# KERNEL: stopped at time: 1900 ns
run 50 ns
# KERNEL: stopped at time: 1950 ns
run 50 ns
# KERNEL: stopped at time: 2 us
run 50 ns
# KERNEL: stopped at time: 2050 ns
run 50 ns
# KERNEL: stopped at time: 2100 ns
run 50 ns
# KERNEL: stopped at time: 2150 ns
run 50 ns
# KERNEL: stopped at time: 2200 ns
run 50 ns
# KERNEL: stopped at time: 2250 ns
run 50 ns
# KERNEL: stopped at time: 2300 ns
run 50 ns
# KERNEL: stopped at time: 2350 ns
run 50 ns
# KERNEL: stopped at time: 2400 ns
run 50 ns
# KERNEL: stopped at time: 2450 ns
run 50 ns
# KERNEL: stopped at time: 2500 ns
run 50 ns
# KERNEL: stopped at time: 2550 ns
run 50 ns
# KERNEL: stopped at time: 2600 ns
run 50 ns
# KERNEL: stopped at time: 2650 ns
run 50 ns
# KERNEL: stopped at time: 2700 ns
run 50 ns
# KERNEL: stopped at time: 2750 ns
run 50 ns
# KERNEL: stopped at time: 2800 ns
run 50 ns
# KERNEL: stopped at time: 2850 ns
run 50 ns
# KERNEL: stopped at time: 2900 ns
run 50 ns
# KERNEL: stopped at time: 2950 ns
run 50 ns
# KERNEL: stopped at time: 3 us
run 50 ns
# KERNEL: stopped at time: 3050 ns
run 50 ns
# KERNEL: stopped at time: 3100 ns
run 50 ns
# KERNEL: stopped at time: 3150 ns
run 50 ns
# KERNEL: stopped at time: 3200 ns
endsim
#  Simulation has been stopped
acom -work MS_Registru_deplasare -2002  $DSN/src/MS_Registru_deplasare.vhd
# Compile...
# File: c:\My_Designs\Colocviu_PSN\MS_Registru_deplasare\src\MS_Registru_deplasare.vhd
# Compile Entity "Shifter"
# Compile Architecture "ARH_Shifter" of Entity "Shifter"
# Compile Entity "MS_Shifter"
# Compile Architecture "ARH_MS_Shifter" of Entity "MS_Shifter"
# Compile success 0 Errors 0 Warnings  Analysis time :  0.2 [s]
acom -work MS_Registru_deplasare -2002  $DSN/src/MS_Registru_deplasare.vhd
# Compile...
# File: c:\My_Designs\Colocviu_PSN\MS_Registru_deplasare\src\MS_Registru_deplasare.vhd
# Compile Entity "Shifter"
# Compile Architecture "ARH_Shifter" of Entity "Shifter"
# Compile Entity "MS_Shifter"
# Compile Architecture "ARH_MS_Shifter" of Entity "MS_Shifter"
# Compile success 0 Errors 0 Warnings  Analysis time :  0.2 [s]
# ELBREAD: Elaboration process.
# ELBREAD: Elaboration time 0.0 [s].
asim -advdataflow  ms_shifter arh_ms_shifter
# ELBREAD: Elaboration process.
# ELBREAD: Elaboration time 0.0 [s].
# asim: Stack memory: 32MB
# asim: Retval memory: 32MB
# KERNEL: Main thread initiated.
# KERNEL: Kernel process initialization phase.
# KERNEL: Time resolution set to 1ps.
# ELAB2: Elaboration final pass...
# ELAB2: Create instances ...
# ELAB2: Create instances complete.
# ELAB2: Elaboration final pass complete - time: 0.0 [s].
# KERNEL: Kernel process initialization done.
# Allocation: Simulator allocated 1595 kB (elbread=1023 elab2=301 kernel=269 sdf=0)
#  5:38 PM, Sunday, May 15, 2011
#  Simulation has been initialized
#  Selected Top-Level: ms_shifter (arh_ms_shifter)
run 50 ns
# KERNEL: stopped at time: 50 ns
endsim
#  Simulation has been stopped
asim -advdataflow  ms_shifter arh_ms_shifter
# ELBREAD: Elaboration process.
# ELBREAD: Elaboration time 0.0 [s].
# asim: Stack memory: 32MB
# asim: Retval memory: 32MB
# KERNEL: Main thread initiated.
# KERNEL: Kernel process initialization phase.
# KERNEL: Time resolution set to 1ps.
# ELAB2: Elaboration final pass...
# ELAB2: Create instances ...
# ELAB2: Create instances complete.
# ELAB2: Elaboration final pass complete - time: 0.0 [s].
# KERNEL: Kernel process initialization done.
# Allocation: Simulator allocated 1595 kB (elbread=1023 elab2=301 kernel=269 sdf=0)
#  5:38 PM, Sunday, May 15, 2011
#  Simulation has been initialized
#  Selected Top-Level: ms_shifter (arh_ms_shifter)
run 10 ns
# KERNEL: stopped at time: 10 ns
run 10 ns
# KERNEL: stopped at time: 20 ns
run 10 ns
# KERNEL: stopped at time: 30 ns
run 10 ns
# KERNEL: stopped at time: 40 ns
run 10 ns
# KERNEL: stopped at time: 50 ns
run 10 ns
# KERNEL: stopped at time: 60 ns
run 10 ns
# KERNEL: stopped at time: 70 ns
run 10 ns
# KERNEL: stopped at time: 80 ns
run 10 ns
# KERNEL: stopped at time: 90 ns
run 10 ns
# KERNEL: stopped at time: 100 ns
run 10 ns
# KERNEL: stopped at time: 110 ns
run 10 ns
# KERNEL: stopped at time: 120 ns
run 10 ns
# KERNEL: stopped at time: 130 ns
run 10 ns
# KERNEL: stopped at time: 140 ns
run 10 ns
# KERNEL: stopped at time: 150 ns
endsim
#  Simulation has been stopped
acom -work MS_Registru_deplasare -2002  $DSN/src/MS_Registru_deplasare.vhd
# Compile...
# File: c:\My_Designs\Colocviu_PSN\MS_Registru_deplasare\src\MS_Registru_deplasare.vhd
# Compile Entity "Shifter"
# Compile Architecture "ARH_Shifter" of Entity "Shifter"
# Compile Entity "MS_Shifter"
# Compile Architecture "ARH_MS_Shifter" of Entity "MS_Shifter"
# Compile success 0 Errors 0 Warnings  Analysis time :  0.2 [s]
asim -advdataflow  ms_shifter arh_ms_shifter
# ELBREAD: Elaboration process.
# ELBREAD: Elaboration time 0.0 [s].
# asim: Stack memory: 32MB
# asim: Retval memory: 32MB
# KERNEL: Main thread initiated.
# KERNEL: Kernel process initialization phase.
# KERNEL: Time resolution set to 1ps.
# ELAB2: Elaboration final pass...
# ELAB2: Create instances ...
# ELAB2: Create instances complete.
# ELAB2: Elaboration final pass complete - time: 0.0 [s].
# KERNEL: Kernel process initialization done.
# Allocation: Simulator allocated 1595 kB (elbread=1023 elab2=301 kernel=269 sdf=0)
#  5:39 PM, Sunday, May 15, 2011
#  Simulation has been initialized
#  Selected Top-Level: ms_shifter (arh_ms_shifter)
run 10 ns
# KERNEL: stopped at time: 10 ns
run 10 ns
# KERNEL: stopped at time: 20 ns
run 10 ns
# KERNEL: stopped at time: 30 ns
run 10 ns
# KERNEL: stopped at time: 40 ns
run 10 ns
# KERNEL: stopped at time: 50 ns
run 10 ns
# KERNEL: stopped at time: 60 ns
run 10 ns
# KERNEL: stopped at time: 70 ns
run 10 ns
# KERNEL: stopped at time: 80 ns
run 10 ns
# KERNEL: stopped at time: 90 ns
run 10 ns
# KERNEL: stopped at time: 100 ns
run 10 ns
# KERNEL: stopped at time: 110 ns
run 10 ns
# KERNEL: stopped at time: 120 ns
run 10 ns
# KERNEL: stopped at time: 130 ns
run 10 ns
# KERNEL: stopped at time: 140 ns
run 10 ns
# KERNEL: stopped at time: 150 ns
run 10 ns
# KERNEL: stopped at time: 160 ns
run 10 ns
# KERNEL: stopped at time: 170 ns
run 10 ns
# KERNEL: stopped at time: 180 ns
run 10 ns
# KERNEL: stopped at time: 190 ns
run 10 ns
# KERNEL: stopped at time: 200 ns
run 10 ns
# KERNEL: stopped at time: 210 ns
run 10 ns
# KERNEL: stopped at time: 220 ns
run 10 ns
# KERNEL: stopped at time: 230 ns
run 10 ns
# KERNEL: stopped at time: 240 ns
run 10 ns
# KERNEL: stopped at time: 250 ns
endsim
#  Simulation has been stopped
# Design: 5:50 PM, Sunday, May 15, 2011
# Design: Opening design "c:\My_Designs\Colocviu_PSN\Detector_secventa\Detector_secventa.adf"
# ELBREAD: Elaboration process.
# ELBREAD: Elaboration time 0.0 [s].
# Design: Design "Detector_secventa" has been set as active.
# Design Explorer: Shortcut to "c:\My_Designs\Colocviu_PSN\Colocviu_PSN.aws" design added.
