# ELBREAD: Elaboration process.
# ELBREAD: Elaboration time 0.0 [s].
acom -work Modul_de_Simulare_tact $DSN/src/MS.vhd
# Compile...
# File: c:\My_Designs\Colocviu\Modul_de_Simulare_tact\Modul_de_Simulare_tact\src\MS.vhd
# Compile Entity "MS"
# Compile Architecture "arhitectura_MS" of Entity "MS"
# Error: COMP96_0098: MS.vhd : (60, 10): Boolean type expected.
# Compile failure 1 Errors 0 Warnings  Analysis time :  0.0 [s]
acom -work Modul_de_Simulare_tact $DSN/src/MS.vhd
# Compile...
# File: c:\My_Designs\Colocviu\Modul_de_Simulare_tact\Modul_de_Simulare_tact\src\MS.vhd
# Compile Entity "MS"
# Compile Architecture "arhitectura_MS" of Entity "MS"
# Compile success 0 Errors 0 Warnings  Analysis time :  0.2 [s]
asim ms arhitectura_ms
# ELBREAD: Elaboration process.
# ELBREAD: Elaboration time 0.0 [s].
# asim: Stack memory: 32MB
# asim: Retval memory: 32MB
# KERNEL: Main thread initiated.
# KERNEL: Kernel process initialization phase.
# KERNEL: Time resolution set to 1ps.
# ELAB2: Elaboration final pass...
# ELAB2: Create instances ...
# ELAB2: Create instances complete.
# ELAB2: Elaboration final pass complete - time: 0.0 [s].
# KERNEL: Warning: You are using a Student Edition of Active-HDL. The performance of simulation is running at a reduced rate.
# KERNEL: Warning: To receive an unrestricted version contact sales@aldec.com.
# KERNEL: Kernel process initialization done.
# Allocation: Simulator allocated 1613 kB (elbread=1031 elab2=300 kernel=281 sdf=0)
#  00:03, 10 mai 2011
#  Simulation has been initialized
#  Selected Top-Level: ms (arhitectura_ms)
run 100 ns
# KERNEL: stopped at time: 100 ns
run 100 ns
# KERNEL: stopped at time: 200 ns
run 100 ns
# KERNEL: stopped at time: 300 ns
run 100 ns
# KERNEL: Simulation has finished. There are no more test vectors to simulate.
acom -work Modul_de_Simulare_tact $DSN/src/MS.vhd
# Compile...
# File: c:\My_Designs\Colocviu\Modul_de_Simulare_tact\Modul_de_Simulare_tact\src\MS.vhd
# Compile Entity "MS"
# Compile Architecture "arhitectura_MS" of Entity "MS"
# Compile success 0 Errors 0 Warnings  Analysis time :  0.1 [s]
endsim
#  Simulation has been stopped
asim ms arhitectura_ms
# ELBREAD: Elaboration process.
# ELBREAD: Elaboration time 0.0 [s].
# asim: Stack memory: 32MB
# asim: Retval memory: 32MB
# KERNEL: Main thread initiated.
# KERNEL: Kernel process initialization phase.
# KERNEL: Time resolution set to 1ps.
# ELAB2: Elaboration final pass...
# ELAB2: Create instances ...
# ELAB2: Create instances complete.
# ELAB2: Elaboration final pass complete - time: 0.0 [s].
# KERNEL: Warning: You are using a Student Edition of Active-HDL. The performance of simulation is running at a reduced rate.
# KERNEL: Warning: To receive an unrestricted version contact sales@aldec.com.
# KERNEL: Kernel process initialization done.
# Allocation: Simulator allocated 1613 kB (elbread=1031 elab2=300 kernel=281 sdf=0)
#  00:04, 10 mai 2011
#  Simulation has been initialized
#  Selected Top-Level: ms (arhitectura_ms)
run 100 ns
# KERNEL: stopped at time: 100 ns
run 100 ns
# EXECUTION:: ERROR  : eroare
# EXECUTION:: Time: 200 ns,  Iteration: 0,  TOP instance,  Process: STIMUL.
# KERNEL: stopped at time: 200 ns
run 100 ns
# KERNEL: stopped at time: 300 ns
endsim
#  Simulation has been stopped
asim ms arhitectura_ms
# ELBREAD: Elaboration process.
# ELBREAD: Elaboration time 0.0 [s].
# asim: Stack memory: 32MB
# asim: Retval memory: 32MB
acom -work Modul_de_Simulare_tact $DSN/src/MS.vhd
# Compile...
# File: c:\My_Designs\Colocviu\Modul_de_Simulare_tact\Modul_de_Simulare_tact\src\MS.vhd
# Compile Entity "MS"
# Compile Architecture "arhitectura_MS" of Entity "MS"
# Compile success 0 Errors 0 Warnings  Analysis time :  0.1 [s]
# ELBREAD: Elaboration process.
# ELBREAD: Elaboration time 0.0 [s].
# KERNEL: Main thread initiated.
# KERNEL: Kernel process initialization phase.
# KERNEL: Time resolution set to 1ps.
# ELAB2: Elaboration final pass...
# ELAB2: Create instances ...
# ELAB2: Create instances complete.
# ELAB2: Elaboration final pass complete - time: 0.0 [s].
# KERNEL: Warning: You are using a Student Edition of Active-HDL. The performance of simulation is running at a reduced rate.
# KERNEL: Warning: To receive an unrestricted version contact sales@aldec.com.
# KERNEL: Kernel process initialization done.
# Allocation: Simulator allocated 1613 kB (elbread=1031 elab2=300 kernel=281 sdf=0)
#  00:05, 10 mai 2011
#  Simulation has been initialized
#  Selected Top-Level: ms (arhitectura_ms)
run 100 ns
# KERNEL: stopped at time: 100 ns
run 100 ns
# EXECUTION:: ERROR  : tzapa
# EXECUTION:: Time: 200 ns,  Iteration: 0,  TOP instance,  Process: STIMUL.
# KERNEL: stopped at time: 200 ns
#  Simulation has been stopped
