# DESIGN: Default Design Language: VHDL
# DESIGN: Default BDE Language: VHDL
# DESIGN: Flow Manager: Not Defined
acom -reorder -work descr_comp $DSN/src/descr_comp.vhd
# Compile with File Reorder...
# File: c:\My_Designs\descr_comp\src\descr_comp.vhd
# Compile Entity "sumator"
# Compile Architecture "descr_comp" of Entity "sumator"
# Top-level unit(s) detected:
# Entity  =>   sumator
# Compile success 0 Errors 0 Warnings  Analysis time :  0.1 [s]
# ELBREAD: Elaboration process.
# ELBREAD: Elaboration time 0.0 [s].
asim sumator descr_comp
# ELBREAD: Elaboration process.
# ELBREAD: Elaboration time 0.0 [s].
# asim: Stack memory: 32MB
# asim: Retval memory: 32MB
# KERNEL: Main thread initiated.
# KERNEL: Kernel process initialization phase.
# KERNEL: Time resolution set to 1ps.
# ELAB2: Elaboration final pass...
# ELAB2: Create instances ...
# ELAB2: Create instances complete.
# ELAB2: Elaboration final pass complete - time: 0.0 [s].
# KERNEL: Warning: You are using a Student Edition of Active-HDL. The performance of simulation is running at a reduced rate.
# KERNEL: Warning: To receive an unrestricted version contact sales@aldec.com.
# KERNEL: Kernel process initialization done.
# Allocation: Simulator allocated 1612 kB (elbread=1031 elab2=298 kernel=281 sdf=0)
#  3:21 PM, Wednesday, May 04, 2011
#  Simulation has been initialized
#  Selected Top-Level: sumator (descr_comp)
run 50 ns
# KERNEL: stopped at time: 50 ns
# KERNEL: Simulation has finished. There are no more test vectors to simulate.
run 50 ns
# KERNEL: stopped at time: 100 ns
# KERNEL: Simulation has finished. There are no more test vectors to simulate.
run 50 ns
# KERNEL: stopped at time: 150 ns
# KERNEL: Simulation has finished. There are no more test vectors to simulate.
run 50 ns
# KERNEL: stopped at time: 200 ns
# KERNEL: Simulation has finished. There are no more test vectors to simulate.
run 50 ns
# KERNEL: stopped at time: 250 ns
# KERNEL: Simulation has finished. There are no more test vectors to simulate.
run 50 ns
# KERNEL: stopped at time: 300 ns
# KERNEL: Simulation has finished. There are no more test vectors to simulate.
#  Simulation has been stopped
