asim -advdataflow  counter count_str
# ELBREAD: Elaboration process.
# ELBREAD: Elaboration time 0.0 [s].
# asim: Stack memory: 32MB
# asim: Retval memory: 32MB
# KERNEL: Main thread initiated.
# KERNEL: Kernel process initialization phase.
# KERNEL: Time resolution set to 1ps.
# ELAB2: Elaboration final pass...
# ELAB2: Create instances ...
# ELAB2: Create instances complete.
# ELAB2: Elaboration final pass complete - time: 0.1 [s].
# KERNEL: Kernel process initialization done.
# Allocation: Simulator allocated 1619 kB (elbread=1023 elab2=325 kernel=270 sdf=0)
#  3:51 PM, Saturday, May 14, 2011
#  Simulation has been initialized
#  Selected Top-Level: counter (count_str)
run 10 ns
# KERNEL: stopped at time: 10 ns
run 10 ns
# KERNEL: stopped at time: 20 ns
run 10 ns
# KERNEL: stopped at time: 30 ns
run 10 ns
# KERNEL: stopped at time: 40 ns
run 10 ns
# KERNEL: stopped at time: 50 ns
run 10 ns
# KERNEL: stopped at time: 60 ns
run 10 ns
# KERNEL: stopped at time: 70 ns
run 10 ns
# KERNEL: stopped at time: 80 ns
run 10 ns
# KERNEL: stopped at time: 90 ns
run 10 ns
# KERNEL: stopped at time: 100 ns
run 10 ns
# KERNEL: stopped at time: 110 ns
run 10 ns
# KERNEL: stopped at time: 120 ns
run 10 ns
# KERNEL: stopped at time: 130 ns
run 10 ns
# KERNEL: stopped at time: 140 ns
run 10 ns
# KERNEL: stopped at time: 150 ns
run 10 ns
# KERNEL: stopped at time: 160 ns
run 10 ns
# KERNEL: stopped at time: 170 ns
run 10 ns
# KERNEL: stopped at time: 180 ns
run 10 ns
# KERNEL: stopped at time: 190 ns
run 10 ns
# KERNEL: stopped at time: 200 ns
run 10 ns
# KERNEL: stopped at time: 210 ns
run 10 ns
# KERNEL: stopped at time: 220 ns
run 10 ns
# KERNEL: stopped at time: 230 ns
run 10 ns
# KERNEL: stopped at time: 240 ns
run 10 ns
# KERNEL: stopped at time: 250 ns
run 10 ns
# KERNEL: stopped at time: 260 ns
run 10 ns
# KERNEL: stopped at time: 270 ns
run 10 ns
# KERNEL: stopped at time: 280 ns
run 10 ns
# KERNEL: stopped at time: 290 ns
run 10 ns
# KERNEL: stopped at time: 300 ns
run 10 ns
# KERNEL: stopped at time: 310 ns
run 10 ns
# KERNEL: stopped at time: 320 ns
run 10 ns
# KERNEL: stopped at time: 330 ns
run 10 ns
# KERNEL: stopped at time: 340 ns
run 10 ns
# KERNEL: stopped at time: 350 ns
run 10 ns
# KERNEL: stopped at time: 360 ns
run 10 ns
# KERNEL: stopped at time: 370 ns
run 10 ns
# KERNEL: stopped at time: 380 ns
run 10 ns
# KERNEL: stopped at time: 390 ns
run 10 ns
# KERNEL: stopped at time: 400 ns
run 10 ns
# KERNEL: stopped at time: 410 ns
endsim
#  Simulation has been stopped
asim -advdataflow  counter count_str
# ELBREAD: Elaboration process.
# ELBREAD: Elaboration time 0.0 [s].
# asim: Stack memory: 32MB
# asim: Retval memory: 32MB
# KERNEL: Main thread initiated.
# KERNEL: Kernel process initialization phase.
# KERNEL: Time resolution set to 1ps.
# ELAB2: Elaboration final pass...
# ELAB2: Create instances ...
# ELAB2: Create instances complete.
# ELAB2: Elaboration final pass complete - time: 0.0 [s].
# KERNEL: Kernel process initialization done.
# Allocation: Simulator allocated 1619 kB (elbread=1023 elab2=325 kernel=270 sdf=0)
#  4:06 PM, Saturday, May 14, 2011
#  Simulation has been initialized
#  Selected Top-Level: counter (count_str)
run 100 ns
# KERNEL: stopped at time: 100 ns
run 100 ns
# KERNEL: stopped at time: 200 ns
run 100 ns
# KERNEL: stopped at time: 300 ns
run 100 ns
# KERNEL: stopped at time: 400 ns
run 100 ns
# KERNEL: stopped at time: 500 ns
run 100 ns
# KERNEL: stopped at time: 600 ns
run 100 ns
# KERNEL: stopped at time: 700 ns
run 100 ns
# KERNEL: stopped at time: 800 ns
run 100 ns
# KERNEL: stopped at time: 900 ns
run 100 ns
# KERNEL: stopped at time: 1 us
run 100 ns
# KERNEL: stopped at time: 1100 ns
run 100 ns
# KERNEL: stopped at time: 1200 ns
run 100 ns
# KERNEL: stopped at time: 1300 ns
run 100 ns
# KERNEL: stopped at time: 1400 ns
run 100 ns
# KERNEL: stopped at time: 1500 ns
run 100 ns
# KERNEL: stopped at time: 1600 ns
run 100 ns
# KERNEL: stopped at time: 1700 ns
run 100 ns
# KERNEL: stopped at time: 1800 ns
run 100 ns
# KERNEL: stopped at time: 1900 ns
run 100 ns
# KERNEL: stopped at time: 2 us
run 100 ns
# KERNEL: stopped at time: 2100 ns
run 100 ns
# KERNEL: stopped at time: 2200 ns
run 100 ns
# KERNEL: stopped at time: 2300 ns
run 100 ns
# KERNEL: stopped at time: 2400 ns
run 100 ns
# KERNEL: stopped at time: 2500 ns
run 100 ns
# KERNEL: stopped at time: 2600 ns
run 100 ns
# KERNEL: stopped at time: 2700 ns
run 100 ns
# KERNEL: stopped at time: 2800 ns
run 100 ns
# KERNEL: stopped at time: 2900 ns
run 100 ns
# KERNEL: stopped at time: 3 us
run 100 ns
# KERNEL: stopped at time: 3100 ns
run 100 ns
# KERNEL: stopped at time: 3200 ns
run 100 ns
# KERNEL: stopped at time: 3300 ns
run 100 ns
# KERNEL: stopped at time: 3400 ns
run 100 ns
# KERNEL: stopped at time: 3500 ns
run 100 ns
# KERNEL: stopped at time: 3600 ns
run 100 ns
# KERNEL: stopped at time: 3700 ns
run 100 ns
# KERNEL: stopped at time: 3800 ns
run 100 ns
# KERNEL: stopped at time: 3900 ns
run 100 ns
# KERNEL: stopped at time: 4 us
run 100 ns
# KERNEL: stopped at time: 4100 ns
run 100 ns
# KERNEL: stopped at time: 4200 ns
run 100 ns
# KERNEL: stopped at time: 4300 ns
run 100 ns
# KERNEL: stopped at time: 4400 ns
run 100 ns
# KERNEL: stopped at time: 4500 ns
run 100 ns
# KERNEL: stopped at time: 4600 ns
run 100 ns
# KERNEL: stopped at time: 4700 ns
run 100 ns
# KERNEL: stopped at time: 4800 ns
run 100 ns
# KERNEL: stopped at time: 4900 ns
run 100 ns
# KERNEL: stopped at time: 5 us
run 100 ns
# KERNEL: stopped at time: 5100 ns
run 100 ns
# KERNEL: stopped at time: 5200 ns
run 100 ns
# KERNEL: stopped at time: 5300 ns
run 100 ns
# KERNEL: stopped at time: 5400 ns
run 100 ns
# KERNEL: stopped at time: 5500 ns
run 100 ns
# KERNEL: stopped at time: 5600 ns
run 100 ns
# KERNEL: stopped at time: 5700 ns
run 100 ns
# KERNEL: stopped at time: 5800 ns
run 100 ns
# KERNEL: stopped at time: 5900 ns
run 100 ns
# KERNEL: stopped at time: 6 us
run 100 ns
# KERNEL: stopped at time: 6100 ns
run 100 ns
# KERNEL: stopped at time: 6200 ns
run 100 ns
# KERNEL: stopped at time: 6300 ns
run 100 ns
# KERNEL: stopped at time: 6400 ns
endsim
#  Simulation has been stopped
# Design: 4:15 PM, Saturday, May 14, 2011
# Design: Opening design "c:\My_Designs\Colocviu_PSN\MS_Demux_1la8\MS_Demux_1la8.adf"
# ELBREAD: Elaboration process.
# ELBREAD: Elaboration time 0.1 [s].
# Design: Design "MS_Demux_1la8" has been set as active.
# Design Explorer: Shortcut to "c:\My_Designs\Colocviu_PSN\Colocviu_PSN.aws" design added.
