# DESIGN: Default Design Language: VHDL
# DESIGN: Default BDE Language: VHDL
# DESIGN: Flow Manager: Not Defined
acom -reorder -work Sumator_Scazator_4bit -2002  $DSN/src/Plus_minus_4.vhd
# Compile with File Reorder...
# File: c:\My_Designs\Colocviu_PSN\Sumator_Scazator_4bit\src\Plus_minus_4.vhd
# Compile Entity "SUM_MIN"
# Compile Architecture "ARH_COMP" of Entity "SUM_MIN"
# Error: COMP96_0015: Plus_minus_4.vhd : (10, 2): ';' expected.
# Error: COMP96_0056: Plus_minus_4.vhd : (13, 1): Cannot find referenced entity declaration "SUM_MIN".
# Compile failure 2 Errors 0 Warnings  Analysis time :  0.0 [ms]
acom -reorder -work Sumator_Scazator_4bit -2002  $DSN/src/Plus_minus_4.vhd
# Compile with File Reorder...
# File: c:\My_Designs\Colocviu_PSN\Sumator_Scazator_4bit\src\Plus_minus_4.vhd
# Compile Entity "SUM_MIN"
# Compile Architecture "ARH_COMP" of Entity "SUM_MIN"
# Top-level unit(s) detected:
# Entity => SUM_MIN
# Compile success 0 Errors 0 Warnings  Analysis time :  0.9 [s]
# ELBREAD: Elaboration process.
# ELBREAD: Elaboration time 0.0 [s].
asim -advdataflow  sum_min arh_comp
# ELBREAD: Elaboration process.
# ELBREAD: Elaboration time 0.0 [s].
# asim: Stack memory: 32MB
# asim: Retval memory: 32MB
# KERNEL: Main thread initiated.
# KERNEL: Kernel process initialization phase.
# KERNEL: Time resolution set to 1ps.
# ELAB2: Elaboration final pass...
# ELAB2: Create instances ...
# ELAB2: Create instances complete.
# ELAB2: Elaboration final pass complete - time: 0.0 [s].
# KERNEL: Kernel process initialization done.
# Allocation: Simulator allocated 1616 kB (elbread=1023 elab2=322 kernel=270 sdf=0)
#  10:25 AM, Wednesday, May 11, 2011
#  Simulation has been initialized
#  Selected Top-Level: sum_min (arh_comp)
run 100 ns
# KERNEL: stopped at time: 100 ns
# KERNEL: Simulation has finished. There are no more test vectors to simulate.
run 100 ns
# KERNEL: stopped at time: 200 ns
# KERNEL: Simulation has finished. There are no more test vectors to simulate.
run 100 ns
# KERNEL: stopped at time: 300 ns
# KERNEL: Simulation has finished. There are no more test vectors to simulate.
run 100 ns
# KERNEL: stopped at time: 400 ns
# KERNEL: Simulation has finished. There are no more test vectors to simulate.
acom -work Sumator_Scazator_4bit -2002  $DSN/src/Plus_minus_4.vhd
# Compile...
# File: c:\My_Designs\Colocviu_PSN\Sumator_Scazator_4bit\src\Plus_minus_4.vhd
# Compile Entity "SUM_MIN"
# Compile Architecture "ARH_COMP" of Entity "SUM_MIN"
# Compile success 0 Errors 0 Warnings  Analysis time :  93.0 [ms]
endsim
#  Simulation has been stopped
asim -advdataflow  sum_min arh_comp
# ELBREAD: Elaboration process.
# ELBREAD: Elaboration time 0.0 [s].
# asim: Stack memory: 32MB
# asim: Retval memory: 32MB
# KERNEL: Main thread initiated.
# KERNEL: Kernel process initialization phase.
# KERNEL: Time resolution set to 1ps.
# ELAB2: Elaboration final pass...
# ELAB2: Create instances ...
# ELAB2: Create instances complete.
# ELAB2: Elaboration final pass complete - time: 0.0 [s].
# KERNEL: Kernel process initialization done.
# Allocation: Simulator allocated 1616 kB (elbread=1023 elab2=322 kernel=270 sdf=0)
#  10:26 AM, Wednesday, May 11, 2011
#  Simulation has been initialized
#  Selected Top-Level: sum_min (arh_comp)
run 100 ns
# KERNEL: stopped at time: 100 ns
# KERNEL: Simulation has finished. There are no more test vectors to simulate.
run 100 ns
# KERNEL: stopped at time: 200 ns
# KERNEL: Simulation has finished. There are no more test vectors to simulate.
run 100 ns
# KERNEL: stopped at time: 300 ns
# KERNEL: Simulation has finished. There are no more test vectors to simulate.
run 100 ns
# KERNEL: stopped at time: 400 ns
# KERNEL: Simulation has finished. There are no more test vectors to simulate.
endsim
#  Simulation has been stopped
# Design: 10:28 AM, Wednesday, May 11, 2011
# Design: Opening design "c:\My_Designs\Colocviu_PSN\ROM_16X16\ROM_16X16.adf"
# ELBREAD: Elaboration process.
# ELBREAD: Elaboration time 0.0 [s].
# Design: Design "ROM_16X16" has been set as active.
