# Design: Design Secventa_pseudoaleatoare already active.
# ELBREAD: Elaboration process.
# ELBREAD: Elaboration time 0.0 [s].
asim -advdataflow  shifter arh_shift
# ELBREAD: Elaboration process.
# ELBREAD: Elaboration time 0.0 [s].
# asim: Stack memory: 32MB
# asim: Retval memory: 32MB
# KERNEL: Main thread initiated.
# KERNEL: Kernel process initialization phase.
# KERNEL: Time resolution set to 1ps.
# ELAB2: Elaboration final pass...
# ELAB2: Create instances ...
# ELAB2: Create instances complete.
# ELAB2: Elaboration final pass complete - time: 0.0 [s].
# KERNEL: Kernel process initialization done.
# Allocation: Simulator allocated 1591 kB (elbread=1023 elab2=298 kernel=269 sdf=0)
#  2:23 PM, Friday, May 13, 2011
#  Simulation has been initialized
#  Selected Top-Level: shifter (arh_shift)
run 10 ns
# KERNEL: stopped at time: 10 ns
run 10 ns
# KERNEL: stopped at time: 20 ns
run 10 ns
# KERNEL: stopped at time: 30 ns
run 10 ns
# KERNEL: stopped at time: 40 ns
run 10 ns
# KERNEL: stopped at time: 50 ns
run 10 ns
# KERNEL: stopped at time: 60 ns
run 10 ns
# KERNEL: stopped at time: 70 ns
run 100 ns
# KERNEL: stopped at time: 170 ns
run 100 ns
# KERNEL: stopped at time: 270 ns
run 100 ns
# KERNEL: stopped at time: 370 ns
run 100 ns
# KERNEL: stopped at time: 470 ns
run 100 ns
# KERNEL: stopped at time: 570 ns
run 100 ns
# KERNEL: stopped at time: 670 ns
run 100 ns
# KERNEL: stopped at time: 770 ns
run 100 ns
# KERNEL: stopped at time: 870 ns
run 100 ns
# KERNEL: stopped at time: 970 ns
run 100 ns
# KERNEL: stopped at time: 1070 ns
run 100 ns
# KERNEL: stopped at time: 1170 ns
run 100 ns
# KERNEL: stopped at time: 1270 ns
run 100 ns
# KERNEL: stopped at time: 1370 ns
endsim
#  Simulation has been stopped
acom -work Secventa_pseudoaleatoare -2002  $DSN/src/Shifter.vhd
# Compile...
# File: c:\My_Designs\Colocviu_PSN\Secventa_pseudoaleatoare\src\Shifter.vhd
# Compile Entity "Shifter"
# Compile Architecture "ARH_Shift" of Entity "Shifter"
# Compile success 0 Errors 0 Warnings  Analysis time :  0.6 [s]
asim -advdataflow  shifter arh_shift
# ELBREAD: Elaboration process.
# ELBREAD: Elaboration time 0.0 [s].
# asim: Stack memory: 32MB
# asim: Retval memory: 32MB
# KERNEL: Main thread initiated.
# KERNEL: Kernel process initialization phase.
# KERNEL: Time resolution set to 1ps.
# ELAB2: Elaboration final pass...
# ELAB2: Create instances ...
# ELAB2: Create instances complete.
# ELAB2: Elaboration final pass complete - time: 0.0 [s].
# KERNEL: Kernel process initialization done.
# Allocation: Simulator allocated 1591 kB (elbread=1023 elab2=298 kernel=269 sdf=0)
#  2:24 PM, Friday, May 13, 2011
#  Simulation has been initialized
#  Selected Top-Level: shifter (arh_shift)
run 100 ns
# KERNEL: stopped at time: 100 ns
run 50 ns
# KERNEL: stopped at time: 150 ns
run 50 ns
# KERNEL: stopped at time: 200 ns
run 50 ns
# KERNEL: stopped at time: 250 ns
run 50 ns
# KERNEL: stopped at time: 300 ns
run 50 ns
# KERNEL: stopped at time: 350 ns
run 50 ns
# KERNEL: stopped at time: 400 ns
run 50 ns
# KERNEL: stopped at time: 450 ns
run 50 ns
# KERNEL: stopped at time: 500 ns
run 50 ns
# KERNEL: stopped at time: 550 ns
run 50 ns
# KERNEL: stopped at time: 600 ns
run 50 ns
# KERNEL: stopped at time: 650 ns
run 50 ns
# KERNEL: stopped at time: 700 ns
run 50 ns
# KERNEL: stopped at time: 750 ns
run 50 ns
# KERNEL: stopped at time: 800 ns
run 50 ns
# KERNEL: stopped at time: 850 ns
run 50 ns
# KERNEL: stopped at time: 900 ns
run 50 ns
# KERNEL: stopped at time: 950 ns
run 50 ns
# KERNEL: stopped at time: 1 us
run 50 ns
# KERNEL: stopped at time: 1050 ns
run 50 ns
# KERNEL: stopped at time: 1100 ns
run 50 ns
# KERNEL: stopped at time: 1150 ns
run 50 ns
# KERNEL: stopped at time: 1200 ns
run 50 ns
# KERNEL: stopped at time: 1250 ns
run 50 ns
# KERNEL: stopped at time: 1300 ns
run 50 ns
# KERNEL: stopped at time: 1350 ns
run 50 ns
# KERNEL: stopped at time: 1400 ns
run 50 ns
# KERNEL: stopped at time: 1450 ns
run 50 ns
# KERNEL: stopped at time: 1500 ns
run 50 ns
# KERNEL: stopped at time: 1550 ns
run 50 ns
# KERNEL: stopped at time: 1600 ns
run 50 ns
# KERNEL: stopped at time: 1650 ns
run 50 ns
# KERNEL: stopped at time: 1700 ns
run 50 ns
# KERNEL: stopped at time: 1750 ns
run 50 ns
# KERNEL: stopped at time: 1800 ns
run 50 ns
# KERNEL: stopped at time: 1850 ns
run 50 ns
# KERNEL: stopped at time: 1900 ns
run 50 ns
# KERNEL: stopped at time: 1950 ns
run 50 ns
# KERNEL: stopped at time: 2 us
run 50 ns
# KERNEL: stopped at time: 2050 ns
run 50 ns
# KERNEL: stopped at time: 2100 ns
run 50 ns
# KERNEL: stopped at time: 2150 ns
run 50 ns
# KERNEL: stopped at time: 2200 ns
run 50 ns
# KERNEL: stopped at time: 2250 ns
run 50 ns
# KERNEL: stopped at time: 2300 ns
run 50 ns
# KERNEL: stopped at time: 2350 ns
run 50 ns
# KERNEL: stopped at time: 2400 ns
run 50 ns
# KERNEL: stopped at time: 2450 ns
run 50 ns
# KERNEL: stopped at time: 2500 ns
run 50 ns
# KERNEL: stopped at time: 2550 ns
run 50 ns
# KERNEL: stopped at time: 2600 ns
run 50 ns
# KERNEL: stopped at time: 2650 ns
run 50 ns
# KERNEL: stopped at time: 2700 ns
run 50 ns
# KERNEL: stopped at time: 2750 ns
run 50 ns
# KERNEL: stopped at time: 2800 ns
run 50 ns
# KERNEL: stopped at time: 2850 ns
run 50 ns
# KERNEL: stopped at time: 2900 ns
run 50 ns
# KERNEL: stopped at time: 2950 ns
run 50 ns
# KERNEL: stopped at time: 3 us
run 50 ns
# KERNEL: stopped at time: 3050 ns
run 50 ns
# KERNEL: stopped at time: 3100 ns
run 50 ns
# KERNEL: stopped at time: 3150 ns
run 50 ns
# KERNEL: stopped at time: 3200 ns
run 50 ns
# KERNEL: stopped at time: 3250 ns
run 50 ns
# KERNEL: stopped at time: 3300 ns
run 50 ns
# KERNEL: stopped at time: 3350 ns
run 50 ns
# KERNEL: stopped at time: 3400 ns
run 50 ns
# KERNEL: stopped at time: 3450 ns
run 50 ns
# KERNEL: stopped at time: 3500 ns
run 50 ns
# KERNEL: stopped at time: 3550 ns
run 50 ns
# KERNEL: stopped at time: 3600 ns
run 50 ns
# KERNEL: stopped at time: 3650 ns
run 50 ns
# KERNEL: stopped at time: 3700 ns
run 50 ns
# KERNEL: stopped at time: 3750 ns
run 50 ns
# KERNEL: stopped at time: 3800 ns
run 50 ns
# KERNEL: stopped at time: 3850 ns
run 50 ns
# KERNEL: stopped at time: 3900 ns
run 50 ns
# KERNEL: stopped at time: 3950 ns
run 50 ns
# KERNEL: stopped at time: 4 us
run 50 ns
# KERNEL: stopped at time: 4050 ns
run 50 ns
# KERNEL: stopped at time: 4100 ns
run 50 ns
# KERNEL: stopped at time: 4150 ns
run 50 ns
# KERNEL: stopped at time: 4200 ns
run 50 ns
# KERNEL: stopped at time: 4250 ns
run 50 ns
# KERNEL: stopped at time: 4300 ns
acom -work Secventa_pseudoaleatoare -2002  $DSN/src/Pseudo.vhd
# Compile...
# File: c:\My_Designs\Colocviu_PSN\Secventa_pseudoaleatoare\src\Pseudo.vhd
# Compile Entity "Pseudo"
# Compile Architecture "ARH_STR" of Entity "Pseudo"
# Warning: ELAB1_0026: Pseudo.vhd : (26, 0): There is no default binding for component "shifter".(Port "Q" is not on the entity).
# Error: ELBWRITE_0028: Pseudo.vhd : (26, 0): Signal "A" has two sources, but is not resolved signal (at line 26: A & at line 27: A).
# Compile failure 1 Errors 1 Warnings  Analysis time :  0.1 [s]
acom -work Secventa_pseudoaleatoare -2002  $DSN/src/Pseudo.vhd
# Compile...
# File: c:\My_Designs\Colocviu_PSN\Secventa_pseudoaleatoare\src\Pseudo.vhd
# Compile Entity "Pseudo"
# Compile Architecture "ARH_STR" of Entity "Pseudo"
# Warning: ELAB1_0026: Pseudo.vhd : (26, 0): There is no default binding for component "shifter".(Port "Q" is not on the entity).
# Compile success 0 Errors 1 Warnings  Analysis time :  31.0 [ms]
acom -work Secventa_pseudoaleatoare -2002  $DSN/src/Pseudo.vhd
# Compile...
# File: c:\My_Designs\Colocviu_PSN\Secventa_pseudoaleatoare\src\Pseudo.vhd
# Compile Entity "Pseudo"
# Compile Architecture "ARH_STR" of Entity "Pseudo"
# Compile success 0 Errors 0 Warnings  Analysis time :  16.0 [ms]
#  Simulation has been stopped
# ELBREAD: Elaboration process.
# ELBREAD: Elaboration time 0.0 [s].
asim -advdataflow  pseudo arh_str
# ELBREAD: Elaboration process.
# ELBREAD: Elaboration time 0.0 [s].
# asim: Stack memory: 32MB
# asim: Retval memory: 32MB
# KERNEL: Main thread initiated.
# KERNEL: Kernel process initialization phase.
# KERNEL: Time resolution set to 1ps.
# ELAB2: Elaboration final pass...
# ELAB2: Create instances ...
# ELAB2: Create instances complete.
# ELAB2: Elaboration final pass complete - time: 0.0 [s].
# KERNEL: Kernel process initialization done.
# Allocation: Simulator allocated 1617 kB (elbread=1023 elab2=323 kernel=270 sdf=0)
#  2:27 PM, Friday, May 13, 2011
#  Simulation has been initialized
#  Selected Top-Level: pseudo (arh_str)
run 10 ns
# KERNEL: stopped at time: 10 ns
run 10 ns
# KERNEL: stopped at time: 20 ns
run 10 ns
# KERNEL: stopped at time: 30 ns
run 10 ns
# KERNEL: stopped at time: 40 ns
run 10 ns
# KERNEL: stopped at time: 50 ns
run 10 ns
# KERNEL: stopped at time: 60 ns
run 10 ns
# KERNEL: stopped at time: 70 ns
run 10 ns
# KERNEL: stopped at time: 80 ns
run 10 ns
# KERNEL: stopped at time: 90 ns
acom -work Secventa_pseudoaleatoare -2002  $DSN/src/Pseudo.vhd
# Compile...
# File: c:\My_Designs\Colocviu_PSN\Secventa_pseudoaleatoare\src\Pseudo.vhd
# Compile Entity "Pseudo"
# Compile Architecture "ARH_STR" of Entity "Pseudo"
# Compile success 0 Errors 0 Warnings  Analysis time :  32.0 [ms]
endsim
#  Simulation has been stopped
asim -advdataflow  pseudo arh_str
# ELBREAD: Elaboration process.
# ELBREAD: Elaboration time 0.0 [s].
# asim: Stack memory: 32MB
# asim: Retval memory: 32MB
# KERNEL: Main thread initiated.
# KERNEL: Kernel process initialization phase.
# KERNEL: Time resolution set to 1ps.
# ELAB2: Elaboration final pass...
# ELAB2: Create instances ...
# ELAB2: Create instances complete.
# ELAB2: Elaboration final pass complete - time: 0.0 [s].
# KERNEL: Kernel process initialization done.
# Allocation: Simulator allocated 1617 kB (elbread=1023 elab2=323 kernel=270 sdf=0)
#  2:28 PM, Friday, May 13, 2011
#  Simulation has been initialized
#  Selected Top-Level: pseudo (arh_str)
run 10 ns
# KERNEL: stopped at time: 10 ns
run 10 ns
# KERNEL: stopped at time: 20 ns
run 10 ns
# KERNEL: stopped at time: 30 ns
run 10 ns
# KERNEL: stopped at time: 40 ns
run 10 ns
# KERNEL: stopped at time: 50 ns
run 10 ns
# KERNEL: stopped at time: 60 ns
run 10 ns
# KERNEL: stopped at time: 70 ns
run 10 ns
# KERNEL: stopped at time: 80 ns
run 10 ns
# KERNEL: stopped at time: 90 ns
run 10 ns
# KERNEL: stopped at time: 100 ns
run 10 ns
# KERNEL: stopped at time: 110 ns
run 10 ns
# KERNEL: stopped at time: 120 ns
run 10 ns
# KERNEL: stopped at time: 130 ns
run 10 ns
# KERNEL: stopped at time: 140 ns
run 10 ns
# KERNEL: stopped at time: 150 ns
run 10 ns
# KERNEL: stopped at time: 160 ns
run 10 ns
# KERNEL: stopped at time: 170 ns
run 10 ns
# KERNEL: stopped at time: 180 ns
run 10 ns
# KERNEL: stopped at time: 190 ns
run 10 ns
# KERNEL: stopped at time: 200 ns
run 10 ns
# KERNEL: stopped at time: 210 ns
run 10 ns
# KERNEL: stopped at time: 220 ns
run 10 ns
# KERNEL: stopped at time: 230 ns
run 10 ns
# KERNEL: stopped at time: 240 ns
endsim
#  Simulation has been stopped
acom -work Secventa_pseudoaleatoare -2002  $DSN/src/Pseudo.vhd
# Compile...
# File: c:\My_Designs\Colocviu_PSN\Secventa_pseudoaleatoare\src\Pseudo.vhd
# Compile Entity "Pseudo"
# Compile Architecture "ARH_STR" of Entity "Pseudo"
# Compile success 0 Errors 0 Warnings  Analysis time :  15.0 [ms]
acom -work Secventa_pseudoaleatoare -2002  $DSN/src/Shifter.vhd
# Compile...
# File: c:\My_Designs\Colocviu_PSN\Secventa_pseudoaleatoare\src\Shifter.vhd
# Compile Entity "Shifter"
# Compile Architecture "ARH_Shift" of Entity "Shifter"
# Error: COMP96_0015: Shifter.vhd : (12, 23): ';' expected.
# Error: COMP96_0019: Shifter.vhd : (12, 23): Keyword "end" expected.
# Compile failure 2 Errors 0 Warnings  Analysis time :  15.0 [ms]
acom -work Secventa_pseudoaleatoare -2002  $DSN/src/Shifter.vhd
# Compile...
# File: c:\My_Designs\Colocviu_PSN\Secventa_pseudoaleatoare\src\Shifter.vhd
# Compile Entity "Shifter"
# Compile Architecture "ARH_Shift" of Entity "Shifter"
# Error: COMP96_0015: Shifter.vhd : (12, 23): ';' expected.
# Error: COMP96_0019: Shifter.vhd : (12, 23): Keyword "end" expected.
# Error: COMP96_0019: Shifter.vhd : (18, 7): Keyword "process" expected.
# Error: COMP96_0015: Shifter.vhd : (19, 6): ';' expected.
# Error: COMP96_0016: Shifter.vhd : (19, 13): Design unit declaration expected.
# Error: COMP96_0018: Shifter.vhd : (20, 17): Identifier expected.
# Compile failure 6 Errors 0 Warnings  Analysis time :  15.0 [ms]
acom -work Secventa_pseudoaleatoare -2002  $DSN/src/Shifter.vhd
# Compile...
# File: c:\My_Designs\Colocviu_PSN\Secventa_pseudoaleatoare\src\Shifter.vhd
# Compile Entity "Shifter"
# Compile Architecture "ARH_Shift" of Entity "Shifter"
# Compile success 0 Errors 0 Warnings  Analysis time :  0.1 [s]
acom -work Secventa_pseudoaleatoare -2002  $DSN/src/Pseudo.vhd
# Compile...
# File: c:\My_Designs\Colocviu_PSN\Secventa_pseudoaleatoare\src\Pseudo.vhd
# Compile Entity "Pseudo"
# Compile Architecture "ARH_STR" of Entity "Pseudo"
# Compile success 0 Errors 0 Warnings  Analysis time :  31.0 [ms]
asim -advdataflow  pseudo arh_str
# ELBREAD: Elaboration process.
# ELBREAD: Elaboration time 0.0 [s].
# asim: Stack memory: 32MB
# asim: Retval memory: 32MB
# KERNEL: Main thread initiated.
# KERNEL: Kernel process initialization phase.
# KERNEL: Time resolution set to 1ps.
# ELAB2: Elaboration final pass...
# ELAB2: Create instances ...
# ELAB2: Create instances complete.
# ELAB2: Elaboration final pass complete - time: 0.0 [s].
# KERNEL: Kernel process initialization done.
# Allocation: Simulator allocated 1617 kB (elbread=1023 elab2=323 kernel=270 sdf=0)
#  2:31 PM, Friday, May 13, 2011
#  Simulation has been initialized
#  Selected Top-Level: pseudo (arh_str)
run 10 ns
# KERNEL: stopped at time: 10 ns
run 10 ns
# KERNEL: stopped at time: 20 ns
run 10 ns
# KERNEL: stopped at time: 30 ns
run 10 ns
# KERNEL: stopped at time: 40 ns
run 10 ns
# KERNEL: stopped at time: 50 ns
run 10 ns
# KERNEL: stopped at time: 60 ns
run 10 ns
# KERNEL: stopped at time: 70 ns
run 10 ns
# KERNEL: stopped at time: 80 ns
run 10 ns
# KERNEL: stopped at time: 90 ns
run 10 ns
# KERNEL: stopped at time: 100 ns
run 10 ns
# KERNEL: stopped at time: 110 ns
run 10 ns
# KERNEL: stopped at time: 120 ns
run 10 ns
# KERNEL: stopped at time: 130 ns
run 10 ns
# KERNEL: stopped at time: 140 ns
run 10 ns
# KERNEL: stopped at time: 150 ns
run 10 ns
# KERNEL: stopped at time: 160 ns
run 10 ns
# KERNEL: stopped at time: 170 ns
run 10 ns
# KERNEL: stopped at time: 180 ns
run 10 ns
# KERNEL: stopped at time: 190 ns
run 10 ns
# KERNEL: stopped at time: 200 ns
run 10 ns
# KERNEL: stopped at time: 210 ns
run 10 ns
# KERNEL: stopped at time: 220 ns
run 10 ns
# KERNEL: stopped at time: 230 ns
run 10 ns
# KERNEL: stopped at time: 240 ns
run 10 ns
# KERNEL: stopped at time: 250 ns
run 10 ns
# KERNEL: stopped at time: 260 ns
run 10 ns
# KERNEL: stopped at time: 270 ns
run 10 ns
# KERNEL: stopped at time: 280 ns
run 10 ns
# KERNEL: stopped at time: 290 ns
run 10 ns
# KERNEL: stopped at time: 300 ns
run 10 ns
# KERNEL: stopped at time: 310 ns
run 10 ns
# KERNEL: stopped at time: 320 ns
run 10 ns
# KERNEL: stopped at time: 330 ns
run 10 ns
# KERNEL: stopped at time: 340 ns
run 10 ns
# KERNEL: stopped at time: 350 ns
run 10 ns
# KERNEL: stopped at time: 360 ns
run 10 ns
# KERNEL: stopped at time: 370 ns
run 10 ns
# KERNEL: stopped at time: 380 ns
run 10 ns
# KERNEL: stopped at time: 390 ns
run 10 ns
# KERNEL: stopped at time: 400 ns
run 10 ns
# KERNEL: stopped at time: 410 ns
run 10 ns
# KERNEL: stopped at time: 420 ns
run 10 ns
# KERNEL: stopped at time: 430 ns
run 10 ns
# KERNEL: stopped at time: 440 ns
run 10 ns
# KERNEL: stopped at time: 450 ns
run 10 ns
# KERNEL: stopped at time: 460 ns
run 10 ns
# KERNEL: stopped at time: 470 ns
run 10 ns
# KERNEL: stopped at time: 480 ns
run 10 ns
# KERNEL: stopped at time: 490 ns
run 10 ns
# KERNEL: stopped at time: 500 ns
run 10 ns
# KERNEL: stopped at time: 510 ns
run 10 ns
# KERNEL: stopped at time: 520 ns
run 10 ns
# KERNEL: stopped at time: 530 ns
run 10 ns
# KERNEL: stopped at time: 540 ns
run 10 ns
# KERNEL: stopped at time: 550 ns
run 10 ns
# KERNEL: stopped at time: 560 ns
run 10 ns
# KERNEL: stopped at time: 570 ns
run 10 ns
# KERNEL: stopped at time: 580 ns
run 10 ns
# KERNEL: stopped at time: 590 ns
run 10 ns
# KERNEL: stopped at time: 600 ns
run 10 ns
# KERNEL: stopped at time: 610 ns
run 10 ns
# KERNEL: stopped at time: 620 ns
run 10 ns
# KERNEL: stopped at time: 630 ns
run 10 ns
# KERNEL: stopped at time: 640 ns
run 10 ns
# KERNEL: stopped at time: 650 ns
run 10 ns
# KERNEL: stopped at time: 660 ns
run 10 ns
# KERNEL: stopped at time: 670 ns
run 10 ns
# KERNEL: stopped at time: 680 ns
run 10 ns
# KERNEL: stopped at time: 690 ns
run 10 ns
# KERNEL: stopped at time: 700 ns
run 10 ns
# KERNEL: stopped at time: 710 ns
run 10 ns
# KERNEL: stopped at time: 720 ns
run 10 ns
# KERNEL: stopped at time: 730 ns
run 10 ns
# KERNEL: stopped at time: 740 ns
run 10 ns
# KERNEL: stopped at time: 750 ns
run 10 ns
# KERNEL: stopped at time: 760 ns
endsim
#  Simulation has been stopped
# Design: 2:38 PM, Friday, May 13, 2011
# Design: Opening design "c:\My_Designs\Colocviu_PSN\MS_Scazator_1bit\MS_Scazator_1bit.adf"
# ELBREAD: Elaboration process.
# ELBREAD: Elaboration time 0.0 [s].
# Design: Design "MS_Scazator_1bit" has been set as active.
# Design Explorer: Shortcut to "c:\My_Designs\Colocviu_PSN\Colocviu_PSN.aws" design added.
