--------------------------------------------------------------------------------
Release 13.1 Trace  (nt64)
Copyright (c) 1995-2011 Xilinx, Inc.  All rights reserved.

C:\Xilinx\13.1\ISE_DS\ISE\bin\nt64\unwrapped\trce.exe -intstyle ise -v 3 -s 4
-n 3 -fastpaths -xml calculator.twx calculator.ncd -o calculator.twr
calculator.pcf -ucf calc.ucf

Design file:              calculator.ncd
Physical constraint file: calculator.pcf
Device,package,speed:     xc3s250e,cp132,-4 (PRODUCTION 1.27 2011-02-03)
Report level:             verbose report

Environment Variable      Effect 
--------------------      ------ 
NONE                      No environment variables were set
--------------------------------------------------------------------------------

INFO:Timing:2698 - No timing constraints found, doing default enumeration.
INFO:Timing:2752 - To get complete path coverage, use the unconstrained paths 
   option. All paths that are not constrained will be reported in the 
   unconstrained paths section(s) of the report.
INFO:Timing:3339 - The clock-to-out numbers in this timing report are based on 
   a 50 Ohm transmission line loading model.  For the details of this model, 
   and for more information on accounting for different loading conditions, 
   please see the device datasheet.
INFO:Timing:3390 - This architecture does not support a default System Jitter 
   value, please add SYSTEM_JITTER constraint to the UCF to modify the Clock 
   Uncertainty calculation.
INFO:Timing:3389 - This architecture does not support 'Discrete Jitter' and 
   'Phase Error' calculations, these terms will be zero in the Clock 
   Uncertainty calculation.  Please make appropriate modification to 
   SYSTEM_JITTER to account for the unsupported Discrete Jitter and Phase 
   Error.



Data Sheet report:
-----------------
All values displayed in nanoseconds (ns)

Setup/Hold to clock clk
------------+------------+------------+------------------+--------+
            |Max Setup to|Max Hold to |                  | Clock  |
Source      | clk (edge) | clk (edge) |Internal Clock(s) | Phase  |
------------+------------+------------+------------------+--------+
egal        |    5.688(R)|    0.379(R)|clk_BUFGP         |   0.000|
hanyad_marad|   15.385(R)|   -2.503(R)|clk_BUFGP         |   0.000|
numar<0>    |    8.115(R)|   -0.509(R)|clk_BUFGP         |   0.000|
numar<1>    |    8.606(R)|   -1.193(R)|clk_BUFGP         |   0.000|
numar<2>    |    8.260(R)|   -1.002(R)|clk_BUFGP         |   0.000|
numar<3>    |    9.514(R)|   -2.386(R)|clk_BUFGP         |   0.000|
operatie<0> |   12.025(R)|   -0.383(R)|clk_BUFGP         |   0.000|
operatie<1> |   14.054(R)|    0.807(R)|clk_BUFGP         |   0.000|
switch      |    6.076(R)|    0.234(R)|clk_BUFGP         |   0.000|
------------+------------+------------+------------------+--------+

Clock reset to Pad
------------+------------+------------------+--------+
            | clk (edge) |                  | Clock  |
Destination |   to PAD   |Internal Clock(s) | Phase  |
------------+------------+------------------+--------+
clkafis     |    6.088(F)|reset_IBUF        |   0.000|
------------+------------+------------------+--------+

Clock to Setup on destination clock clk
---------------+---------+---------+---------+---------+
               | Src:Rise| Src:Fall| Src:Rise| Src:Fall|
Source Clock   |Dest:Rise|Dest:Rise|Dest:Fall|Dest:Fall|
---------------+---------+---------+---------+---------+
clk            |  124.070|         |         |         |
reset          |    4.764|    4.764|         |         |
---------------+---------+---------+---------+---------+

Clock to Setup on destination clock clkprincipal
---------------+---------+---------+---------+---------+
               | Src:Rise| Src:Fall| Src:Rise| Src:Fall|
Source Clock   |Dest:Rise|Dest:Rise|Dest:Fall|Dest:Fall|
---------------+---------+---------+---------+---------+
clkprincipal   |    4.794|         |         |         |
---------------+---------+---------+---------+---------+


Analysis completed Tue May 17 11:48:02 2011 
--------------------------------------------------------------------------------

Trace Settings:
-------------------------
Trace Settings 

Peak Memory Usage: 194 MB



