# ELBREAD: Elaboration process.
# ELBREAD: Elaboration time 0.1 [s].
acom -work operations $DSN/src/operatii.vhd $DSN/src/scadere.vhd $DSN/src/impartire.vhd $DSN/src/inmultire.vhd $DSN/src/adunare.vhd $DSN/src/multiplexor.vhd
# Compile...
# File: C:\Users\Bobby\Desktop\Calculatorul de buzunar\operations\src\operatii.vhd
# Compile Entity "operations"
# Compile Architecture "operatii" of Entity "operations"
# File: C:\Users\Bobby\Desktop\Calculatorul de buzunar\operations\src\scadere.vhd
# Compile Entity "scadere"
# Compile Architecture "substraction" of Entity "scadere"
# File: C:\Users\Bobby\Desktop\Calculatorul de buzunar\operations\src\impartire.vhd
# Compile Entity "impartire"
# Compile Architecture "division" of Entity "impartire"
# File: C:\Users\Bobby\Desktop\Calculatorul de buzunar\operations\src\inmultire.vhd
# Compile Entity "inmultire"
# Compile Architecture "multiplication" of Entity "inmultire"
# File: C:\Users\Bobby\Desktop\Calculatorul de buzunar\operations\src\adunare.vhd
# Compile Entity "adunare"
# Compile Architecture "adding" of Entity "adunare"
# File: C:\Users\Bobby\Desktop\Calculatorul de buzunar\operations\src\multiplexor.vhd
# Compile Entity "multiplexor"
# Compile Architecture "multiplexer" of Entity "multiplexor"
# Compile success 0 Errors 0 Warnings  Analysis time :  0.6 [s]
asim operations operatii
# ELBREAD: Elaboration process.
# ELBREAD: Elaboration time 0.0 [s].
# asim: Stack memory: 32MB
# asim: Retval memory: 32MB
# KERNEL: Main thread initiated.
# KERNEL: Kernel process initialization phase.
# KERNEL: Time resolution set to 1ps.
# ELAB2: Elaboration final pass...
# ELAB2: Create instances ...
# ELAB2: Create instances complete.
# ELAB2: Elaboration final pass complete - time: 0.0 [s].
# KERNEL: Warning: You are using a Student Edition of Active-HDL. The performance of simulation is running at a reduced rate.
# KERNEL: Warning: To receive an unrestricted version contact sales@aldec.com.
# KERNEL: Kernel process initialization done.
# Allocation: Simulator allocated 1625 kB (elbread=1031 elab2=311 kernel=282 sdf=0)
#  16:38, 17 May 2012
#  Simulation has been initialized
#  Selected Top-Level: operations (operatii)
run 1100 ns
# KERNEL: stopped at time: 1100 ns
# KERNEL: Simulation has finished. There are no more test vectors to simulate.
run 1100 ns
# KERNEL: stopped at time: 2200 ns
# KERNEL: Simulation has finished. There are no more test vectors to simulate.
#  Simulation has been stopped
# ELBREAD: Elaboration process.
# ELBREAD: Elaboration time 0.0 [s].
# ELBREAD: Elaboration process.
# ELBREAD: Elaboration time 0.0 [s].
acom -work operations $DSN/src/operatii.vhd $DSN/src/scadere.vhd $DSN/src/impartire.vhd $DSN/src/inmultire.vhd $DSN/src/adunare.vhd $DSN/src/multiplexor.vhd
# Compile...
# File: C:\Users\Bobby\Desktop\Calculatorul de buzunar\operations\src\operatii.vhd
# Compile Entity "operations"
# Compile Architecture "operatii" of Entity "operations"
# File: C:\Users\Bobby\Desktop\Calculatorul de buzunar\operations\src\scadere.vhd
# Compile Entity "scadere"
# Compile Architecture "substraction" of Entity "scadere"
# File: C:\Users\Bobby\Desktop\Calculatorul de buzunar\operations\src\impartire.vhd
# Compile Entity "impartire"
# Compile Architecture "division" of Entity "impartire"
# File: C:\Users\Bobby\Desktop\Calculatorul de buzunar\operations\src\inmultire.vhd
# Compile Entity "inmultire"
# Compile Architecture "multiplication" of Entity "inmultire"
# File: C:\Users\Bobby\Desktop\Calculatorul de buzunar\operations\src\adunare.vhd
# Compile Entity "adunare"
# Compile Architecture "adding" of Entity "adunare"
# File: C:\Users\Bobby\Desktop\Calculatorul de buzunar\operations\src\multiplexor.vhd
# Compile Entity "multiplexor"
# Compile Architecture "multiplexer" of Entity "multiplexor"
# Compile success 0 Errors 0 Warnings  Analysis time :  0.4 [s]
asim operations operatii
# ELBREAD: Elaboration process.
# ELBREAD: Elaboration time 0.0 [s].
# asim: Stack memory: 32MB
# asim: Retval memory: 32MB
# KERNEL: Main thread initiated.
# KERNEL: Kernel process initialization phase.
# KERNEL: Time resolution set to 1ps.
# ELAB2: Elaboration final pass...
# ELAB2: Create instances ...
# ELAB2: Create instances complete.
# ELAB2: Elaboration final pass complete - time: 0.0 [s].
# KERNEL: Warning: You are using a Student Edition of Active-HDL. The performance of simulation is running at a reduced rate.
# KERNEL: Warning: To receive an unrestricted version contact sales@aldec.com.
# KERNEL: Kernel process initialization done.
# Allocation: Simulator allocated 1625 kB (elbread=1031 elab2=311 kernel=282 sdf=0)
#  16:42, 17 May 2012
#  Simulation has been initialized
#  Selected Top-Level: operations (operatii)
run 1100 ns
# KERNEL: stopped at time: 1100 ns
# KERNEL: Simulation has finished. There are no more test vectors to simulate.
run 1100 ns
# KERNEL: stopped at time: 2200 ns
# KERNEL: Simulation has finished. There are no more test vectors to simulate.
run 1100 ns
# KERNEL: stopped at time: 3300 ns
# KERNEL: Simulation has finished. There are no more test vectors to simulate.
run 1100 ns
# KERNEL: stopped at time: 4400 ns
# KERNEL: Simulation has finished. There are no more test vectors to simulate.
run 1100 ns
# KERNEL: stopped at time: 5500 ns
# KERNEL: Simulation has finished. There are no more test vectors to simulate.
acom -work operations $DSN/src/operatii.vhd $DSN/src/scadere.vhd $DSN/src/impartire.vhd $DSN/src/inmultire.vhd $DSN/src/adunare.vhd $DSN/src/multiplexor.vhd
# Compile...
# File: C:\Users\Bobby\Desktop\Calculatorul de buzunar\operations\src\operatii.vhd
# Compile Entity "operations"
# Compile Architecture "operatii" of Entity "operations"
# File: C:\Users\Bobby\Desktop\Calculatorul de buzunar\operations\src\scadere.vhd
# Compile Entity "scadere"
# Compile Architecture "substraction" of Entity "scadere"
# File: C:\Users\Bobby\Desktop\Calculatorul de buzunar\operations\src\impartire.vhd
# Compile Entity "impartire"
# Compile Architecture "division" of Entity "impartire"
# File: C:\Users\Bobby\Desktop\Calculatorul de buzunar\operations\src\inmultire.vhd
# Compile Entity "inmultire"
# Compile Architecture "multiplication" of Entity "inmultire"
# File: C:\Users\Bobby\Desktop\Calculatorul de buzunar\operations\src\adunare.vhd
# Compile Entity "adunare"
# Compile Architecture "adding" of Entity "adunare"
# File: C:\Users\Bobby\Desktop\Calculatorul de buzunar\operations\src\multiplexor.vhd
# Compile Entity "multiplexor"
# Compile Architecture "multiplexer" of Entity "multiplexor"
# Compile success 0 Errors 0 Warnings  Analysis time :  0.3 [s]
run 1100 ns
# KERNEL: stopped at time: 6600 ns
# KERNEL: Simulation has finished. There are no more test vectors to simulate.
#  Simulation has been stopped
